{"C:\\Users\\neufe\\Documents\\aaWebHub\\poprev2\\packages\\content-transformer\\src\\content-normalizer.ts": {"path":"C:\\Users\\neufe\\Documents\\aaWebHub\\poprev2\\packages\\content-transformer\\src\\content-normalizer.ts","statementMap":{"0":{"start":{"line":16,"column":0},"end":{"line":16,"column":7}},"1":{"start":{"line":98,"column":0},"end":{"line":98,"column":16}},"2":{"start":{"line":137,"column":0},"end":{"line":137,"column":16}},"3":{"start":{"line":185,"column":0},"end":{"line":185,"column":16}},"4":{"start":{"line":18,"column":19},"end":{"line":18,"column":46}},"5":{"start":{"line":21,"column":25},"end":{"line":21,"column":48}},"6":{"start":{"line":24,"column":2},"end":{"line":26,"column":null}},"7":{"start":{"line":38,"column":22},"end":{"line":38,"column":50}},"8":{"start":{"line":41,"column":2},"end":{"line":79,"column":3}},"9":{"start":{"line":44,"column":6},"end":{"line":46,"column":7}},"10":{"start":{"line":45,"column":8},"end":{"line":45,"column":78}},"11":{"start":{"line":47,"column":6},"end":{"line":47,"column":12}},"12":{"start":{"line":51,"column":6},"end":{"line":53,"column":7}},"13":{"start":{"line":52,"column":8},"end":{"line":52,"column":33}},"14":{"start":{"line":54,"column":6},"end":{"line":54,"column":12}},"15":{"start":{"line":58,"column":6},"end":{"line":60,"column":7}},"16":{"start":{"line":59,"column":8},"end":{"line":59,"column":33}},"17":{"start":{"line":61,"column":6},"end":{"line":61,"column":12}},"18":{"start":{"line":65,"column":6},"end":{"line":67,"column":7}},"19":{"start":{"line":66,"column":8},"end":{"line":66,"column":61}},"20":{"start":{"line":68,"column":6},"end":{"line":68,"column":12}},"21":{"start":{"line":72,"column":6},"end":{"line":77,"column":7}},"22":{"start":{"line":73,"column":25},"end":{"line":73,"column":51}},"23":{"start":{"line":74,"column":8},"end":{"line":76,"column":9}},"24":{"start":{"line":75,"column":10},"end":{"line":75,"column":78}},"25":{"start":{"line":78,"column":6},"end":{"line":78,"column":12}},"26":{"start":{"line":82,"column":2},"end":{"line":84,"column":3}},"27":{"start":{"line":83,"column":4},"end":{"line":83,"column":73}},"28":{"start":{"line":86,"column":2},"end":{"line":86,"column":24}},"29":{"start":{"line":100,"column":22},"end":{"line":102,"column":null}},"30":{"start":{"line":106,"column":21},"end":{"line":106,"column":22}},"31":{"start":{"line":109,"column":19},"end":{"line":109,"column":48}},"32":{"start":{"line":110,"column":2},"end":{"line":124,"column":3}},"33":{"start":{"line":110,"column":15},"end":{"line":110,"column":16}},"34":{"start":{"line":111,"column":17},"end":{"line":111,"column":28}},"35":{"start":{"line":113,"column":4},"end":{"line":123,"column":5}},"36":{"start":{"line":114,"column":26},"end":{"line":114,"column":37}},"37":{"start":{"line":117,"column":6},"end":{"line":119,"column":7}},"38":{"start":{"line":118,"column":8},"end":{"line":118,"column":45}},"39":{"start":{"line":122,"column":6},"end":{"line":122,"column":39}},"40":{"start":{"line":126,"column":2},"end":{"line":126,"column":24}},"41":{"start":{"line":139,"column":22},"end":{"line":139,"column":50}},"42":{"start":{"line":144,"column":23},"end":{"line":144,"column":51}},"43":{"start":{"line":147,"column":4},"end":{"line":159,"column":5}},"44":{"start":{"line":148,"column":23},"end":{"line":148,"column":43}},"45":{"start":{"line":151,"column":6},"end":{"line":158,"column":7}},"46":{"start":{"line":153,"column":8},"end":{"line":157,"column":9}},"47":{"start":{"line":154,"column":10},"end":{"line":154,"column":70}},"48":{"start":{"line":156,"column":10},"end":{"line":156,"column":51}},"49":{"start":{"line":162,"column":4},"end":{"line":164,"column":5}},"50":{"start":{"line":163,"column":6},"end":{"line":163,"column":71}},"51":{"start":{"line":166,"column":4},"end":{"line":166,"column":25}},"52":{"start":{"line":170,"column":2},"end":{"line":172,"column":3}},"53":{"start":{"line":171,"column":4},"end":{"line":171,"column":71}},"54":{"start":{"line":174,"column":2},"end":{"line":174,"column":24}},"55":{"start":{"line":187,"column":22},"end":{"line":187,"column":50}},"56":{"start":{"line":192,"column":23},"end":{"line":192,"column":51}},"57":{"start":{"line":195,"column":4},"end":{"line":210,"column":5}},"58":{"start":{"line":196,"column":24},"end":{"line":196,"column":44}},"59":{"start":{"line":199,"column":6},"end":{"line":204,"column":7}},"60":{"start":{"line":201,"column":8},"end":{"line":203,"column":9}},"61":{"start":{"line":202,"column":10},"end":{"line":202,"column":46}},"62":{"start":{"line":207,"column":6},"end":{"line":209,"column":7}},"63":{"start":{"line":208,"column":8},"end":{"line":208,"column":51}},"64":{"start":{"line":213,"column":4},"end":{"line":215,"column":5}},"65":{"start":{"line":214,"column":6},"end":{"line":214,"column":71}},"66":{"start":{"line":217,"column":4},"end":{"line":217,"column":25}},"67":{"start":{"line":221,"column":2},"end":{"line":223,"column":3}},"68":{"start":{"line":222,"column":4},"end":{"line":222,"column":71}},"69":{"start":{"line":225,"column":2},"end":{"line":225,"column":24}}},"fnMap":{"0":{"name":"normalizeContent","decl":{"start":{"line":16,"column":22},"end":{"line":16,"column":38}},"loc":{"start":{"line":16,"column":51},"end":{"line":28,"column":1}}},"1":{"name":"normalizeNode","decl":{"start":{"line":36,"column":9},"end":{"line":36,"column":22}},"loc":{"start":{"line":36,"column":41},"end":{"line":87,"column":1}}},"2":{"name":"standardizeHeadingHierarchy","decl":{"start":{"line":98,"column":16},"end":{"line":98,"column":43}},"loc":{"start":{"line":98,"column":62},"end":{"line":127,"column":1}}},"3":{"name":"normalizeLinks","decl":{"start":{"line":137,"column":16},"end":{"line":137,"column":30}},"loc":{"start":{"line":137,"column":49},"end":{"line":175,"column":1}}},"4":{"name":"processNode","decl":{"start":{"line":142,"column":11},"end":{"line":142,"column":22}},"loc":{"start":{"line":142,"column":41},"end":{"line":167,"column":3}}},"5":{"name":"normalizeImages","decl":{"start":{"line":185,"column":16},"end":{"line":185,"column":31}},"loc":{"start":{"line":185,"column":50},"end":{"line":226,"column":1}}},"6":{"name":"processNode","decl":{"start":{"line":190,"column":11},"end":{"line":190,"column":22}},"loc":{"start":{"line":190,"column":41},"end":{"line":218,"column":3}}}},"branchMap":{"0":{"loc":{"start":{"line":41,"column":2},"end":{"line":79,"column":3}},"type":"switch","locations":[{"start":{"line":42,"column":4},"end":{"line":47,"column":12}},{"start":{"line":49,"column":4},"end":{"line":54,"column":12}},{"start":{"line":56,"column":4},"end":{"line":61,"column":12}},{"start":{"line":63,"column":4},"end":{"line":68,"column":12}},{"start":{"line":70,"column":4},"end":{"line":78,"column":12}}]},"1":{"loc":{"start":{"line":44,"column":6},"end":{"line":46,"column":7}},"type":"if","locations":[{"start":{"line":44,"column":6},"end":{"line":46,"column":7}}]},"2":{"loc":{"start":{"line":44,"column":10},"end":{"line":44,"column":88}},"type":"binary-expr","locations":[{"start":{"line":44,"column":10},"end":{"line":44,"column":30}},{"start":{"line":44,"column":35},"end":{"line":44,"column":59}},{"start":{"line":44,"column":63},"end":{"line":44,"column":87}}]},"3":{"loc":{"start":{"line":51,"column":6},"end":{"line":53,"column":7}},"type":"if","locations":[{"start":{"line":51,"column":6},"end":{"line":53,"column":7}}]},"4":{"loc":{"start":{"line":51,"column":10},"end":{"line":51,"column":70}},"type":"binary-expr","locations":[{"start":{"line":51,"column":10},"end":{"line":51,"column":32}},{"start":{"line":51,"column":36},"end":{"line":51,"column":70}}]},"5":{"loc":{"start":{"line":58,"column":6},"end":{"line":60,"column":7}},"type":"if","locations":[{"start":{"line":58,"column":6},"end":{"line":60,"column":7}}]},"6":{"loc":{"start":{"line":65,"column":6},"end":{"line":67,"column":7}},"type":"if","locations":[{"start":{"line":65,"column":6},"end":{"line":67,"column":7}}]},"7":{"loc":{"start":{"line":66,"column":29},"end":{"line":66,"column":60}},"type":"binary-expr","locations":[{"start":{"line":66,"column":29},"end":{"line":66,"column":49}},{"start":{"line":66,"column":53},"end":{"line":66,"column":60}}]},"8":{"loc":{"start":{"line":72,"column":6},"end":{"line":77,"column":7}},"type":"if","locations":[{"start":{"line":72,"column":6},"end":{"line":77,"column":7}}]},"9":{"loc":{"start":{"line":72,"column":10},"end":{"line":72,"column":96}},"type":"binary-expr","locations":[{"start":{"line":72,"column":10},"end":{"line":72,"column":31}},{"start":{"line":72,"column":35},"end":{"line":72,"column":58}},{"start":{"line":72,"column":62},"end":{"line":72,"column":96}}]},"10":{"loc":{"start":{"line":74,"column":8},"end":{"line":76,"column":9}},"type":"if","locations":[{"start":{"line":74,"column":8},"end":{"line":76,"column":9}}]},"11":{"loc":{"start":{"line":74,"column":12},"end":{"line":74,"column":61}},"type":"binary-expr","locations":[{"start":{"line":74,"column":12},"end":{"line":74,"column":40}},{"start":{"line":74,"column":44},"end":{"line":74,"column":61}}]},"12":{"loc":{"start":{"line":82,"column":2},"end":{"line":84,"column":3}},"type":"if","locations":[{"start":{"line":82,"column":2},"end":{"line":84,"column":3}}]},"13":{"loc":{"start":{"line":82,"column":6},"end":{"line":82,"column":71}},"type":"binary-expr","locations":[{"start":{"line":82,"column":6},"end":{"line":82,"column":29}},{"start":{"line":82,"column":33},"end":{"line":82,"column":71}}]},"14":{"loc":{"start":{"line":102,"column":19},"end":{"line":102,"column":42}},"type":"binary-expr","locations":[{"start":{"line":102,"column":19},"end":{"line":102,"column":36}},{"start":{"line":102,"column":40},"end":{"line":102,"column":42}}]},"15":{"loc":{"start":{"line":109,"column":19},"end":{"line":109,"column":48}},"type":"binary-expr","locations":[{"start":{"line":109,"column":19},"end":{"line":109,"column":42}},{"start":{"line":109,"column":46},"end":{"line":109,"column":48}}]},"16":{"loc":{"start":{"line":113,"column":4},"end":{"line":123,"column":5}},"type":"if","locations":[{"start":{"line":113,"column":4},"end":{"line":123,"column":5}}]},"17":{"loc":{"start":{"line":117,"column":6},"end":{"line":119,"column":7}},"type":"if","locations":[{"start":{"line":117,"column":6},"end":{"line":119,"column":7}}]},"18":{"loc":{"start":{"line":147,"column":4},"end":{"line":159,"column":5}},"type":"if","locations":[{"start":{"line":147,"column":4},"end":{"line":159,"column":5}}]},"19":{"loc":{"start":{"line":151,"column":6},"end":{"line":158,"column":7}},"type":"if","locations":[{"start":{"line":151,"column":6},"end":{"line":158,"column":7}}]},"20":{"loc":{"start":{"line":151,"column":10},"end":{"line":151,"column":64}},"type":"binary-expr","locations":[{"start":{"line":151,"column":10},"end":{"line":151,"column":22}},{"start":{"line":151,"column":26},"end":{"line":151,"column":64}}]},"21":{"loc":{"start":{"line":153,"column":8},"end":{"line":157,"column":9}},"type":"if","locations":[{"start":{"line":153,"column":8},"end":{"line":157,"column":9}},{"start":{"line":155,"column":15},"end":{"line":157,"column":9}}]},"22":{"loc":{"start":{"line":153,"column":12},"end":{"line":153,"column":71}},"type":"binary-expr","locations":[{"start":{"line":153,"column":12},"end":{"line":153,"column":40}},{"start":{"line":153,"column":44},"end":{"line":153,"column":71}}]},"23":{"loc":{"start":{"line":162,"column":4},"end":{"line":164,"column":5}},"type":"if","locations":[{"start":{"line":162,"column":4},"end":{"line":164,"column":5}}]},"24":{"loc":{"start":{"line":162,"column":8},"end":{"line":162,"column":71}},"type":"binary-expr","locations":[{"start":{"line":162,"column":8},"end":{"line":162,"column":30}},{"start":{"line":162,"column":34},"end":{"line":162,"column":71}}]},"25":{"loc":{"start":{"line":170,"column":2},"end":{"line":172,"column":3}},"type":"if","locations":[{"start":{"line":170,"column":2},"end":{"line":172,"column":3}}]},"26":{"loc":{"start":{"line":170,"column":6},"end":{"line":170,"column":71}},"type":"binary-expr","locations":[{"start":{"line":170,"column":6},"end":{"line":170,"column":29}},{"start":{"line":170,"column":33},"end":{"line":170,"column":71}}]},"27":{"loc":{"start":{"line":195,"column":4},"end":{"line":210,"column":5}},"type":"if","locations":[{"start":{"line":195,"column":4},"end":{"line":210,"column":5}}]},"28":{"loc":{"start":{"line":199,"column":6},"end":{"line":204,"column":7}},"type":"if","locations":[{"start":{"line":199,"column":6},"end":{"line":204,"column":7}}]},"29":{"loc":{"start":{"line":199,"column":10},"end":{"line":199,"column":104}},"type":"binary-expr","locations":[{"start":{"line":199,"column":10},"end":{"line":199,"column":23}},{"start":{"line":199,"column":27},"end":{"line":199,"column":66}},{"start":{"line":199,"column":70},"end":{"line":199,"column":104}}]},"30":{"loc":{"start":{"line":201,"column":8},"end":{"line":203,"column":9}},"type":"if","locations":[{"start":{"line":201,"column":8},"end":{"line":203,"column":9}}]},"31":{"loc":{"start":{"line":207,"column":6},"end":{"line":209,"column":7}},"type":"if","locations":[{"start":{"line":207,"column":6},"end":{"line":209,"column":7}}]},"32":{"loc":{"start":{"line":208,"column":24},"end":{"line":208,"column":50}},"type":"binary-expr","locations":[{"start":{"line":208,"column":24},"end":{"line":208,"column":39}},{"start":{"line":208,"column":43},"end":{"line":208,"column":50}}]},"33":{"loc":{"start":{"line":213,"column":4},"end":{"line":215,"column":5}},"type":"if","locations":[{"start":{"line":213,"column":4},"end":{"line":215,"column":5}}]},"34":{"loc":{"start":{"line":213,"column":8},"end":{"line":213,"column":71}},"type":"binary-expr","locations":[{"start":{"line":213,"column":8},"end":{"line":213,"column":30}},{"start":{"line":213,"column":34},"end":{"line":213,"column":71}}]},"35":{"loc":{"start":{"line":221,"column":2},"end":{"line":223,"column":3}},"type":"if","locations":[{"start":{"line":221,"column":2},"end":{"line":223,"column":3}}]},"36":{"loc":{"start":{"line":221,"column":6},"end":{"line":221,"column":71}},"type":"binary-expr","locations":[{"start":{"line":221,"column":6},"end":{"line":221,"column":29}},{"start":{"line":221,"column":33},"end":{"line":221,"column":71}}]}},"s":{"0":0,"1":0,"2":0,"3":0,"4":0,"5":0,"6":0,"7":0,"8":0,"9":0,"10":0,"11":0,"12":0,"13":0,"14":0,"15":0,"16":0,"17":0,"18":0,"19":0,"20":0,"21":0,"22":0,"23":0,"24":0,"25":0,"26":0,"27":0,"28":0,"29":0,"30":0,"31":0,"32":0,"33":0,"34":0,"35":0,"36":0,"37":0,"38":0,"39":0,"40":0,"41":0,"42":0,"43":0,"44":0,"45":0,"46":0,"47":0,"48":0,"49":0,"50":0,"51":0,"52":0,"53":0,"54":0,"55":0,"56":0,"57":0,"58":0,"59":0,"60":0,"61":0,"62":0,"63":0,"64":0,"65":0,"66":0,"67":0,"68":0,"69":0},"f":{"0":0,"1":0,"2":0,"3":0,"4":0,"5":0,"6":0},"b":{"0":[0,0,0,0,0],"1":[0],"2":[0,0,0],"3":[0],"4":[0,0],"5":[0],"6":[0],"7":[0,0],"8":[0],"9":[0,0,0],"10":[0],"11":[0,0],"12":[0],"13":[0,0],"14":[0,0],"15":[0,0],"16":[0],"17":[0],"18":[0],"19":[0],"20":[0,0],"21":[0,0],"22":[0,0],"23":[0],"24":[0,0],"25":[0],"26":[0,0],"27":[0],"28":[0],"29":[0,0,0],"30":[0],"31":[0],"32":[0,0],"33":[0],"34":[0,0],"35":[0],"36":[0,0]}}
,"C:\\Users\\neufe\\Documents\\aaWebHub\\poprev2\\packages\\content-transformer\\src\\content-validator.ts": {"path":"C:\\Users\\neufe\\Documents\\aaWebHub\\poprev2\\packages\\content-transformer\\src\\content-validator.ts","statementMap":{"0":{"start":{"line":16,"column":0},"end":{"line":16,"column":7}},"1":{"start":{"line":18,"column":2},"end":{"line":18,"column":44}},"2":{"start":{"line":21,"column":27},"end":{"line":21,"column":59}},"3":{"start":{"line":24,"column":28},"end":{"line":24,"column":62}},"4":{"start":{"line":27,"column":2},"end":{"line":32,"column":4}},"5":{"start":{"line":43,"column":2},"end":{"line":45,"column":3}},"6":{"start":{"line":44,"column":4},"end":{"line":44,"column":93}},"7":{"start":{"line":48,"column":2},"end":{"line":50,"column":3}},"8":{"start":{"line":49,"column":4},"end":{"line":49,"column":76}},"9":{"start":{"line":53,"column":2},"end":{"line":55,"column":3}},"10":{"start":{"line":54,"column":4},"end":{"line":54,"column":24}},"11":{"start":{"line":66,"column":2},"end":{"line":68,"column":3}},"12":{"start":{"line":67,"column":4},"end":{"line":67,"column":50}},"13":{"start":{"line":71,"column":2},"end":{"line":89,"column":3}},"14":{"start":{"line":73,"column":6},"end":{"line":75,"column":7}},"15":{"start":{"line":74,"column":8},"end":{"line":74,"column":79}},"16":{"start":{"line":76,"column":6},"end":{"line":76,"column":12}},"17":{"start":{"line":79,"column":6},"end":{"line":81,"column":7}},"18":{"start":{"line":80,"column":8},"end":{"line":80,"column":58}},"19":{"start":{"line":82,"column":6},"end":{"line":82,"column":12}},"20":{"start":{"line":85,"column":6},"end":{"line":87,"column":7}},"21":{"start":{"line":86,"column":8},"end":{"line":86,"column":59}},"22":{"start":{"line":88,"column":6},"end":{"line":88,"column":12}},"23":{"start":{"line":92,"column":2},"end":{"line":96,"column":3}},"24":{"start":{"line":93,"column":4},"end":{"line":95,"column":5}},"25":{"start":{"line":94,"column":6},"end":{"line":94,"column":26}},"26":{"start":{"line":107,"column":21},"end":{"line":107,"column":63}},"27":{"start":{"line":110,"column":2},"end":{"line":112,"column":3}},"28":{"start":{"line":111,"column":4},"end":{"line":111,"column":65}},"29":{"start":{"line":114,"column":2},"end":{"line":114,"column":23}},"30":{"start":{"line":125,"column":21},"end":{"line":125,"column":49}},"31":{"start":{"line":128,"column":2},"end":{"line":149,"column":3}},"32":{"start":{"line":131,"column":6},"end":{"line":133,"column":7}},"33":{"start":{"line":132,"column":8},"end":{"line":132,"column":64}},"34":{"start":{"line":134,"column":6},"end":{"line":134,"column":12}},"35":{"start":{"line":138,"column":6},"end":{"line":140,"column":7}},"36":{"start":{"line":139,"column":8},"end":{"line":139,"column":59}},"37":{"start":{"line":141,"column":6},"end":{"line":141,"column":12}},"38":{"start":{"line":145,"column":6},"end":{"line":147,"column":7}},"39":{"start":{"line":146,"column":8},"end":{"line":146,"column":59}},"40":{"start":{"line":148,"column":6},"end":{"line":148,"column":12}},"41":{"start":{"line":152,"column":2},"end":{"line":154,"column":3}},"42":{"start":{"line":153,"column":4},"end":{"line":153,"column":70}},"43":{"start":{"line":156,"column":2},"end":{"line":156,"column":23}},"44":{"start":{"line":167,"column":2},"end":{"line":170,"column":54}},"45":{"start":{"line":181,"column":2},"end":{"line":183,"column":3}},"46":{"start":{"line":182,"column":4},"end":{"line":182,"column":15}},"47":{"start":{"line":185,"column":2},"end":{"line":185,"column":13}},"48":{"start":{"line":196,"column":25},"end":{"line":196,"column":43}},"49":{"start":{"line":199,"column":2},"end":{"line":201,"column":3}},"50":{"start":{"line":200,"column":4},"end":{"line":200,"column":62}},"51":{"start":{"line":204,"column":2},"end":{"line":212,"column":3}},"52":{"start":{"line":205,"column":4},"end":{"line":211,"column":5}},"53":{"start":{"line":206,"column":6},"end":{"line":208,"column":8}},"54":{"start":{"line":207,"column":8},"end":{"line":207,"column":60}},"55":{"start":{"line":209,"column":11},"end":{"line":211,"column":5}},"56":{"start":{"line":210,"column":6},"end":{"line":210,"column":66}},"57":{"start":{"line":215,"column":2},"end":{"line":226,"column":3}},"58":{"start":{"line":216,"column":4},"end":{"line":225,"column":5}},"59":{"start":{"line":217,"column":19},"end":{"line":217,"column":51}},"60":{"start":{"line":218,"column":6},"end":{"line":222,"column":7}},"61":{"start":{"line":219,"column":8},"end":{"line":219,"column":66}},"62":{"start":{"line":221,"column":8},"end":{"line":221,"column":38}},"63":{"start":{"line":224,"column":6},"end":{"line":224,"column":36}},"64":{"start":{"line":229,"column":2},"end":{"line":237,"column":3}},"65":{"start":{"line":230,"column":4},"end":{"line":236,"column":5}},"66":{"start":{"line":231,"column":6},"end":{"line":231,"column":76}},"67":{"start":{"line":233,"column":6},"end":{"line":235,"column":8}},"68":{"start":{"line":234,"column":8},"end":{"line":234,"column":66}},"69":{"start":{"line":240,"column":2},"end":{"line":248,"column":3}},"70":{"start":{"line":241,"column":4},"end":{"line":247,"column":5}},"71":{"start":{"line":242,"column":6},"end":{"line":242,"column":64}},"72":{"start":{"line":244,"column":6},"end":{"line":246,"column":8}},"73":{"start":{"line":245,"column":8},"end":{"line":245,"column":51}},"74":{"start":{"line":250,"column":2},"end":{"line":250,"column":27}}},"fnMap":{"0":{"name":"validateContent","decl":{"start":{"line":16,"column":22},"end":{"line":16,"column":37}},"loc":{"start":{"line":16,"column":50},"end":{"line":33,"column":1}}},"1":{"name":"validateContentStructure","decl":{"start":{"line":41,"column":9},"end":{"line":41,"column":33}},"loc":{"start":{"line":41,"column":52},"end":{"line":56,"column":1}}},"2":{"name":"validateNode","decl":{"start":{"line":64,"column":9},"end":{"line":64,"column":21}},"loc":{"start":{"line":64,"column":40},"end":{"line":97,"column":1}}},"3":{"name":"sanitizeContent","decl":{"start":{"line":105,"column":9},"end":{"line":105,"column":24}},"loc":{"start":{"line":105,"column":43},"end":{"line":115,"column":1}}},"4":{"name":"sanitizeNode","decl":{"start":{"line":123,"column":9},"end":{"line":123,"column":21}},"loc":{"start":{"line":123,"column":40},"end":{"line":157,"column":1}}},"5":{"name":"sanitizeText","decl":{"start":{"line":165,"column":9},"end":{"line":165,"column":21}},"loc":{"start":{"line":165,"column":34},"end":{"line":171,"column":1}}},"6":{"name":"sanitizeUrl","decl":{"start":{"line":179,"column":9},"end":{"line":179,"column":20}},"loc":{"start":{"line":179,"column":32},"end":{"line":186,"column":1}}},"7":{"name":"validateMetadata","decl":{"start":{"line":194,"column":9},"end":{"line":194,"column":25}},"loc":{"start":{"line":194,"column":39},"end":{"line":251,"column":1}}},"8":{"name":"(anonymous_8)","decl":{"start":{"line":206,"column":62},"end":{"line":206,"column":63}},"loc":{"start":{"line":207,"column":8},"end":{"line":207,"column":60}}},"9":{"name":"(anonymous_9)","decl":{"start":{"line":233,"column":70},"end":{"line":233,"column":71}},"loc":{"start":{"line":234,"column":8},"end":{"line":234,"column":66}}},"10":{"name":"(anonymous_10)","decl":{"start":{"line":244,"column":58},"end":{"line":244,"column":59}},"loc":{"start":{"line":245,"column":8},"end":{"line":245,"column":51}}}},"branchMap":{"0":{"loc":{"start":{"line":43,"column":2},"end":{"line":45,"column":3}},"type":"if","locations":[{"start":{"line":43,"column":2},"end":{"line":45,"column":3}}]},"1":{"loc":{"start":{"line":43,"column":6},"end":{"line":43,"column":43}},"type":"binary-expr","locations":[{"start":{"line":43,"column":6},"end":{"line":43,"column":15}},{"start":{"line":43,"column":19},"end":{"line":43,"column":43}}]},"2":{"loc":{"start":{"line":48,"column":2},"end":{"line":50,"column":3}},"type":"if","locations":[{"start":{"line":48,"column":2},"end":{"line":50,"column":3}}]},"3":{"loc":{"start":{"line":48,"column":6},"end":{"line":48,"column":61}},"type":"binary-expr","locations":[{"start":{"line":48,"column":6},"end":{"line":48,"column":24}},{"start":{"line":48,"column":28},"end":{"line":48,"column":61}}]},"4":{"loc":{"start":{"line":66,"column":2},"end":{"line":68,"column":3}},"type":"if","locations":[{"start":{"line":66,"column":2},"end":{"line":68,"column":3}}]},"5":{"loc":{"start":{"line":71,"column":2},"end":{"line":89,"column":3}},"type":"switch","locations":[{"start":{"line":72,"column":4},"end":{"line":76,"column":12}},{"start":{"line":78,"column":4},"end":{"line":82,"column":12}},{"start":{"line":84,"column":4},"end":{"line":88,"column":12}}]},"6":{"loc":{"start":{"line":73,"column":6},"end":{"line":75,"column":7}},"type":"if","locations":[{"start":{"line":73,"column":6},"end":{"line":75,"column":7}}]},"7":{"loc":{"start":{"line":73,"column":10},"end":{"line":73,"column":57}},"type":"binary-expr","locations":[{"start":{"line":73,"column":10},"end":{"line":73,"column":21}},{"start":{"line":73,"column":25},"end":{"line":73,"column":39}},{"start":{"line":73,"column":43},"end":{"line":73,"column":57}}]},"8":{"loc":{"start":{"line":79,"column":6},"end":{"line":81,"column":7}},"type":"if","locations":[{"start":{"line":79,"column":6},"end":{"line":81,"column":7}}]},"9":{"loc":{"start":{"line":85,"column":6},"end":{"line":87,"column":7}},"type":"if","locations":[{"start":{"line":85,"column":6},"end":{"line":87,"column":7}}]},"10":{"loc":{"start":{"line":92,"column":2},"end":{"line":96,"column":3}},"type":"if","locations":[{"start":{"line":92,"column":2},"end":{"line":96,"column":3}}]},"11":{"loc":{"start":{"line":92,"column":6},"end":{"line":92,"column":51}},"type":"binary-expr","locations":[{"start":{"line":92,"column":6},"end":{"line":92,"column":19}},{"start":{"line":92,"column":23},"end":{"line":92,"column":51}}]},"12":{"loc":{"start":{"line":110,"column":2},"end":{"line":112,"column":3}},"type":"if","locations":[{"start":{"line":110,"column":2},"end":{"line":112,"column":3}}]},"13":{"loc":{"start":{"line":110,"column":6},"end":{"line":110,"column":59}},"type":"binary-expr","locations":[{"start":{"line":110,"column":6},"end":{"line":110,"column":23}},{"start":{"line":110,"column":27},"end":{"line":110,"column":59}}]},"14":{"loc":{"start":{"line":128,"column":2},"end":{"line":149,"column":3}},"type":"switch","locations":[{"start":{"line":129,"column":4},"end":{"line":134,"column":12}},{"start":{"line":136,"column":4},"end":{"line":141,"column":12}},{"start":{"line":143,"column":4},"end":{"line":148,"column":12}}]},"15":{"loc":{"start":{"line":131,"column":6},"end":{"line":133,"column":7}},"type":"if","locations":[{"start":{"line":131,"column":6},"end":{"line":133,"column":7}}]},"16":{"loc":{"start":{"line":138,"column":6},"end":{"line":140,"column":7}},"type":"if","locations":[{"start":{"line":138,"column":6},"end":{"line":140,"column":7}}]},"17":{"loc":{"start":{"line":145,"column":6},"end":{"line":147,"column":7}},"type":"if","locations":[{"start":{"line":145,"column":6},"end":{"line":147,"column":7}}]},"18":{"loc":{"start":{"line":152,"column":2},"end":{"line":154,"column":3}},"type":"if","locations":[{"start":{"line":152,"column":2},"end":{"line":154,"column":3}}]},"19":{"loc":{"start":{"line":152,"column":6},"end":{"line":152,"column":69}},"type":"binary-expr","locations":[{"start":{"line":152,"column":6},"end":{"line":152,"column":28}},{"start":{"line":152,"column":32},"end":{"line":152,"column":69}}]},"20":{"loc":{"start":{"line":181,"column":2},"end":{"line":183,"column":3}},"type":"if","locations":[{"start":{"line":181,"column":2},"end":{"line":183,"column":3}}]},"21":{"loc":{"start":{"line":199,"column":2},"end":{"line":201,"column":3}},"type":"if","locations":[{"start":{"line":199,"column":2},"end":{"line":201,"column":3}}]},"22":{"loc":{"start":{"line":199,"column":6},"end":{"line":199,"column":76}},"type":"binary-expr","locations":[{"start":{"line":199,"column":6},"end":{"line":199,"column":29}},{"start":{"line":199,"column":33},"end":{"line":199,"column":76}}]},"23":{"loc":{"start":{"line":204,"column":2},"end":{"line":212,"column":3}},"type":"if","locations":[{"start":{"line":204,"column":2},"end":{"line":212,"column":3}}]},"24":{"loc":{"start":{"line":205,"column":4},"end":{"line":211,"column":5}},"type":"if","locations":[{"start":{"line":205,"column":4},"end":{"line":211,"column":5}},{"start":{"line":209,"column":11},"end":{"line":211,"column":5}}]},"25":{"loc":{"start":{"line":207,"column":8},"end":{"line":207,"column":60}},"type":"cond-expr","locations":[{"start":{"line":207,"column":37},"end":{"line":207,"column":43}},{"start":{"line":207,"column":46},"end":{"line":207,"column":60}}]},"26":{"loc":{"start":{"line":209,"column":11},"end":{"line":211,"column":5}},"type":"if","locations":[{"start":{"line":209,"column":11},"end":{"line":211,"column":5}}]},"27":{"loc":{"start":{"line":215,"column":2},"end":{"line":226,"column":3}},"type":"if","locations":[{"start":{"line":215,"column":2},"end":{"line":226,"column":3}}]},"28":{"loc":{"start":{"line":218,"column":6},"end":{"line":222,"column":7}},"type":"if","locations":[{"start":{"line":218,"column":6},"end":{"line":222,"column":7}},{"start":{"line":220,"column":13},"end":{"line":222,"column":7}}]},"29":{"loc":{"start":{"line":229,"column":2},"end":{"line":237,"column":3}},"type":"if","locations":[{"start":{"line":229,"column":2},"end":{"line":237,"column":3}}]},"30":{"loc":{"start":{"line":230,"column":4},"end":{"line":236,"column":5}},"type":"if","locations":[{"start":{"line":230,"column":4},"end":{"line":236,"column":5}},{"start":{"line":232,"column":11},"end":{"line":236,"column":5}}]},"31":{"loc":{"start":{"line":234,"column":8},"end":{"line":234,"column":66}},"type":"cond-expr","locations":[{"start":{"line":234,"column":39},"end":{"line":234,"column":47}},{"start":{"line":234,"column":50},"end":{"line":234,"column":66}}]},"32":{"loc":{"start":{"line":240,"column":2},"end":{"line":248,"column":3}},"type":"if","locations":[{"start":{"line":240,"column":2},"end":{"line":248,"column":3}}]},"33":{"loc":{"start":{"line":241,"column":4},"end":{"line":247,"column":5}},"type":"if","locations":[{"start":{"line":241,"column":4},"end":{"line":247,"column":5}},{"start":{"line":243,"column":11},"end":{"line":247,"column":5}}]},"34":{"loc":{"start":{"line":245,"column":8},"end":{"line":245,"column":51}},"type":"cond-expr","locations":[{"start":{"line":245,"column":34},"end":{"line":245,"column":37}},{"start":{"line":245,"column":40},"end":{"line":245,"column":51}}]}},"s":{"0":0,"1":0,"2":0,"3":0,"4":0,"5":0,"6":0,"7":0,"8":0,"9":0,"10":0,"11":0,"12":0,"13":0,"14":0,"15":0,"16":0,"17":0,"18":0,"19":0,"20":0,"21":0,"22":0,"23":0,"24":0,"25":0,"26":0,"27":0,"28":0,"29":0,"30":0,"31":0,"32":0,"33":0,"34":0,"35":0,"36":0,"37":0,"38":0,"39":0,"40":0,"41":0,"42":0,"43":0,"44":0,"45":0,"46":0,"47":0,"48":0,"49":0,"50":0,"51":0,"52":0,"53":0,"54":0,"55":0,"56":0,"57":0,"58":0,"59":0,"60":0,"61":0,"62":0,"63":0,"64":0,"65":0,"66":0,"67":0,"68":0,"69":0,"70":0,"71":0,"72":0,"73":0,"74":0},"f":{"0":0,"1":0,"2":0,"3":0,"4":0,"5":0,"6":0,"7":0,"8":0,"9":0,"10":0},"b":{"0":[0],"1":[0,0],"2":[0],"3":[0,0],"4":[0],"5":[0,0,0],"6":[0],"7":[0,0,0],"8":[0],"9":[0],"10":[0],"11":[0,0],"12":[0],"13":[0,0],"14":[0,0,0],"15":[0],"16":[0],"17":[0],"18":[0],"19":[0,0],"20":[0],"21":[0],"22":[0,0],"23":[0],"24":[0,0],"25":[0,0],"26":[0],"27":[0],"28":[0,0],"29":[0],"30":[0,0],"31":[0,0],"32":[0],"33":[0,0],"34":[0,0]}}
,"C:\\Users\\neufe\\Documents\\aaWebHub\\poprev2\\packages\\content-transformer\\src\\docx-transformer.ts": {"path":"C:\\Users\\neufe\\Documents\\aaWebHub\\poprev2\\packages\\content-transformer\\src\\docx-transformer.ts","statementMap":{"0":{"start":{"line":17,"column":0},"end":{"line":17,"column":7}},"1":{"start":{"line":8,"column":0},"end":{"line":8,"column":30}},"2":{"start":{"line":19,"column":36},"end":{"line":19,"column":84}},"3":{"start":{"line":20,"column":26},"end":{"line":20,"column":75}},"4":{"start":{"line":23,"column":19},"end":{"line":23,"column":53}},"5":{"start":{"line":26,"column":29},"end":{"line":26,"column":62}},"6":{"start":{"line":28,"column":2},"end":{"line":33,"column":4}},"7":{"start":{"line":43,"column":2},"end":{"line":79,"column":3}},"8":{"start":{"line":49,"column":28},"end":{"line":49,"column":77}},"9":{"start":{"line":50,"column":18},"end":{"line":50,"column":73}},"10":{"start":{"line":50,"column":50},"end":{"line":50,"column":72}},"11":{"start":{"line":53,"column":39},"end":{"line":53,"column":41}},"12":{"start":{"line":56,"column":4},"end":{"line":73,"column":5}},"13":{"start":{"line":57,"column":6},"end":{"line":57,"column":39}},"14":{"start":{"line":60,"column":25},"end":{"line":63,"column":null}},"15":{"start":{"line":61,"column":8},"end":{"line":63,"column":33}},"16":{"start":{"line":66,"column":6},"end":{"line":72,"column":7}},"17":{"start":{"line":67,"column":28},"end":{"line":68,"column":57}},"18":{"start":{"line":69,"column":8},"end":{"line":71,"column":9}},"19":{"start":{"line":70,"column":10},"end":{"line":70,"column":50}},"20":{"start":{"line":75,"column":4},"end":{"line":75,"column":20}},"21":{"start":{"line":77,"column":4},"end":{"line":77,"column":60}},"22":{"start":{"line":78,"column":4},"end":{"line":78,"column":14}},"23":{"start":{"line":90,"column":25},"end":{"line":93,"column":4}},"24":{"start":{"line":99,"column":21},"end":{"line":99,"column":55}},"25":{"start":{"line":102,"column":19},"end":{"line":102,"column":21}},"26":{"start":{"line":103,"column":2},"end":{"line":106,"column":3}},"27":{"start":{"line":103,"column":15},"end":{"line":103,"column":16}},"28":{"start":{"line":104,"column":20},"end":{"line":104,"column":78}},"29":{"start":{"line":105,"column":4},"end":{"line":105,"column":75}},"30":{"start":{"line":105,"column":43},"end":{"line":105,"column":71}},"31":{"start":{"line":109,"column":16},"end":{"line":109,"column":74}},"32":{"start":{"line":112,"column":2},"end":{"line":136,"column":4}},"33":{"start":{"line":113,"column":28},"end":{"line":122,"column":6}},"34":{"start":{"line":125,"column":26},"end":{"line":135,"column":6}},"35":{"start":{"line":138,"column":2},"end":{"line":138,"column":14}}},"fnMap":{"0":{"name":"transformDocx","decl":{"start":{"line":17,"column":22},"end":{"line":17,"column":35}},"loc":{"start":{"line":17,"column":51},"end":{"line":34,"column":1}}},"1":{"name":"extractDocxMetadata","decl":{"start":{"line":42,"column":15},"end":{"line":42,"column":34}},"loc":{"start":{"line":42,"column":50},"end":{"line":80,"column":1}}},"2":{"name":"(anonymous_3)","decl":{"start":{"line":50,"column":42},"end":{"line":50,"column":46}},"loc":{"start":{"line":50,"column":50},"end":{"line":50,"column":72}}},"3":{"name":"(anonymous_4)","decl":{"start":{"line":60,"column":36},"end":{"line":60,"column":40}},"loc":{"start":{"line":61,"column":8},"end":{"line":63,"column":33}}},"4":{"name":"convertHtmlToInternalFormat","decl":{"start":{"line":88,"column":9},"end":{"line":88,"column":36}},"loc":{"start":{"line":88,"column":49},"end":{"line":139,"column":1}}},"5":{"name":"(anonymous_6)","decl":{"start":{"line":105,"column":33},"end":{"line":105,"column":38}},"loc":{"start":{"line":105,"column":43},"end":{"line":105,"column":71}}},"6":{"name":"(anonymous_7)","decl":{"start":{"line":113,"column":22},"end":{"line":113,"column":23}},"loc":{"start":{"line":113,"column":28},"end":{"line":122,"column":6}}},"7":{"name":"(anonymous_8)","decl":{"start":{"line":125,"column":20},"end":{"line":125,"column":21}},"loc":{"start":{"line":125,"column":26},"end":{"line":135,"column":6}}}},"branchMap":{"0":{"loc":{"start":{"line":56,"column":4},"end":{"line":73,"column":5}},"type":"if","locations":[{"start":{"line":56,"column":4},"end":{"line":73,"column":5}}]},"1":{"loc":{"start":{"line":61,"column":8},"end":{"line":63,"column":33}},"type":"binary-expr","locations":[{"start":{"line":61,"column":8},"end":{"line":61,"column":28}},{"start":{"line":62,"column":8},"end":{"line":62,"column":32}},{"start":{"line":63,"column":8},"end":{"line":63,"column":33}}]},"2":{"loc":{"start":{"line":66,"column":6},"end":{"line":72,"column":7}},"type":"if","locations":[{"start":{"line":66,"column":6},"end":{"line":72,"column":7}}]},"3":{"loc":{"start":{"line":67,"column":28},"end":{"line":68,"column":57}},"type":"binary-expr","locations":[{"start":{"line":67,"column":28},"end":{"line":67,"column":70}},{"start":{"line":68,"column":27},"end":{"line":68,"column":57}}]},"4":{"loc":{"start":{"line":69,"column":8},"end":{"line":71,"column":9}},"type":"if","locations":[{"start":{"line":69,"column":8},"end":{"line":71,"column":9}}]},"5":{"loc":{"start":{"line":69,"column":12},"end":{"line":69,"column":41}},"type":"binary-expr","locations":[{"start":{"line":69,"column":12},"end":{"line":69,"column":23}},{"start":{"line":69,"column":27},"end":{"line":69,"column":41}}]},"6":{"loc":{"start":{"line":99,"column":21},"end":{"line":99,"column":55}},"type":"binary-expr","locations":[{"start":{"line":99,"column":21},"end":{"line":99,"column":49}},{"start":{"line":99,"column":53},"end":{"line":99,"column":55}}]},"7":{"loc":{"start":{"line":104,"column":20},"end":{"line":104,"column":78}},"type":"binary-expr","locations":[{"start":{"line":104,"column":20},"end":{"line":104,"column":72}},{"start":{"line":104,"column":76},"end":{"line":104,"column":78}}]},"8":{"loc":{"start":{"line":109,"column":16},"end":{"line":109,"column":74}},"type":"binary-expr","locations":[{"start":{"line":109,"column":16},"end":{"line":109,"column":68}},{"start":{"line":109,"column":72},"end":{"line":109,"column":74}}]}},"s":{"0":0,"1":0,"2":0,"3":0,"4":0,"5":0,"6":0,"7":0,"8":0,"9":0,"10":0,"11":0,"12":0,"13":0,"14":0,"15":0,"16":0,"17":0,"18":0,"19":0,"20":0,"21":0,"22":0,"23":0,"24":0,"25":0,"26":0,"27":0,"28":0,"29":0,"30":0,"31":0,"32":0,"33":0,"34":0,"35":0},"f":{"0":0,"1":0,"2":0,"3":0,"4":0,"5":0,"6":0,"7":0},"b":{"0":[0],"1":[0,0,0],"2":[0],"3":[0,0],"4":[0],"5":[0,0],"6":[0,0],"7":[0,0],"8":[0,0]}}
,"C:\\Users\\neufe\\Documents\\aaWebHub\\poprev2\\packages\\content-transformer\\src\\index.ts": {"path":"C:\\Users\\neufe\\Documents\\aaWebHub\\poprev2\\packages\\content-transformer\\src\\index.ts","statementMap":{"0":{"start":{"line":36,"column":0},"end":{"line":36,"column":7}},"1":{"start":{"line":9,"column":0},"end":{"line":9,"column":59}},"2":{"start":{"line":10,"column":0},"end":{"line":10,"column":51}},"3":{"start":{"line":11,"column":0},"end":{"line":11,"column":63}},"4":{"start":{"line":12,"column":0},"end":{"line":12,"column":118}},"5":{"start":{"line":13,"column":0},"end":{"line":13,"column":53}},"6":{"start":{"line":14,"column":0},"end":{"line":14,"column":54}},"7":{"start":{"line":18,"column":0},"end":{"line":18,"column":24}},"8":{"start":{"line":21,"column":0},"end":{"line":21,"column":9}},"9":{"start":{"line":21,"column":9},"end":{"line":21,"column":59}},"10":{"start":{"line":22,"column":0},"end":{"line":22,"column":9}},"11":{"start":{"line":22,"column":9},"end":{"line":22,"column":51}},"12":{"start":{"line":23,"column":0},"end":{"line":23,"column":9}},"13":{"start":{"line":23,"column":9},"end":{"line":23,"column":63}},"14":{"start":{"line":24,"column":0},"end":{"line":24,"column":9}},"15":{"start":{"line":24,"column":9},"end":{"line":24,"column":27}},"16":{"start":{"line":24,"column":27},"end":{"line":24,"column":56}},"17":{"start":{"line":24,"column":56},"end":{"line":24,"column":72}},"18":{"start":{"line":24,"column":72},"end":{"line":24,"column":118}},"19":{"start":{"line":25,"column":0},"end":{"line":25,"column":9}},"20":{"start":{"line":25,"column":9},"end":{"line":25,"column":53}},"21":{"start":{"line":26,"column":0},"end":{"line":26,"column":9}},"22":{"start":{"line":26,"column":9},"end":{"line":26,"column":54}},"23":{"start":{"line":44,"column":2},"end":{"line":68,"column":3}},"24":{"start":{"line":46,"column":6},"end":{"line":48,"column":7}},"25":{"start":{"line":47,"column":8},"end":{"line":47,"column":61}},"26":{"start":{"line":49,"column":6},"end":{"line":49,"column":60}},"27":{"start":{"line":50,"column":6},"end":{"line":50,"column":12}},"28":{"start":{"line":53,"column":6},"end":{"line":55,"column":7}},"29":{"start":{"line":54,"column":8},"end":{"line":54,"column":57}},"30":{"start":{"line":56,"column":6},"end":{"line":56,"column":56}},"31":{"start":{"line":57,"column":6},"end":{"line":57,"column":12}},"32":{"start":{"line":60,"column":6},"end":{"line":62,"column":7}},"33":{"start":{"line":61,"column":8},"end":{"line":61,"column":63}},"34":{"start":{"line":63,"column":6},"end":{"line":63,"column":62}},"35":{"start":{"line":64,"column":6},"end":{"line":64,"column":12}},"36":{"start":{"line":67,"column":6},"end":{"line":67,"column":68}},"37":{"start":{"line":71,"column":2},"end":{"line":71,"column":66}},"38":{"start":{"line":74,"column":2},"end":{"line":74,"column":73}},"39":{"start":{"line":77,"column":2},"end":{"line":77,"column":65}},"40":{"start":{"line":80,"column":2},"end":{"line":82,"column":3}},"41":{"start":{"line":81,"column":4},"end":{"line":81,"column":65}},"42":{"start":{"line":84,"column":2},"end":{"line":84,"column":28}}},"fnMap":{"0":{"name":"(anonymous_4)","decl":{"start":{"line":21,"column":9},"end":{"line":21,"column":26}},"loc":{"start":{"line":21,"column":9},"end":{"line":21,"column":59}}},"1":{"name":"(anonymous_5)","decl":{"start":{"line":22,"column":9},"end":{"line":22,"column":22}},"loc":{"start":{"line":22,"column":9},"end":{"line":22,"column":51}}},"2":{"name":"(anonymous_6)","decl":{"start":{"line":23,"column":9},"end":{"line":23,"column":28}},"loc":{"start":{"line":23,"column":9},"end":{"line":23,"column":63}}},"3":{"name":"(anonymous_7)","decl":{"start":{"line":24,"column":9},"end":{"line":24,"column":25}},"loc":{"start":{"line":24,"column":9},"end":{"line":24,"column":27}}},"4":{"name":"(anonymous_8)","decl":{"start":{"line":24,"column":27},"end":{"line":24,"column":54}},"loc":{"start":{"line":24,"column":27},"end":{"line":24,"column":56}}},"5":{"name":"(anonymous_9)","decl":{"start":{"line":24,"column":56},"end":{"line":24,"column":70}},"loc":{"start":{"line":24,"column":56},"end":{"line":24,"column":72}}},"6":{"name":"(anonymous_10)","decl":{"start":{"line":24,"column":72},"end":{"line":24,"column":87}},"loc":{"start":{"line":24,"column":72},"end":{"line":24,"column":118}}},"7":{"name":"(anonymous_11)","decl":{"start":{"line":25,"column":9},"end":{"line":25,"column":23}},"loc":{"start":{"line":25,"column":9},"end":{"line":25,"column":53}}},"8":{"name":"(anonymous_12)","decl":{"start":{"line":26,"column":9},"end":{"line":26,"column":24}},"loc":{"start":{"line":26,"column":9},"end":{"line":26,"column":54}}},"9":{"name":"transformContent","decl":{"start":{"line":36,"column":22},"end":{"line":36,"column":38}},"loc":{"start":{"line":39,"column":32},"end":{"line":85,"column":1}}}},"branchMap":{"0":{"loc":{"start":{"line":39,"column":2},"end":{"line":39,"column":32}},"type":"default-arg","locations":[{"start":{"line":39,"column":30},"end":{"line":39,"column":32}}]},"1":{"loc":{"start":{"line":44,"column":2},"end":{"line":68,"column":3}},"type":"switch","locations":[{"start":{"line":45,"column":4},"end":{"line":50,"column":12}},{"start":{"line":52,"column":4},"end":{"line":57,"column":12}},{"start":{"line":59,"column":4},"end":{"line":64,"column":12}},{"start":{"line":66,"column":4},"end":{"line":67,"column":68}}]},"2":{"loc":{"start":{"line":46,"column":6},"end":{"line":48,"column":7}},"type":"if","locations":[{"start":{"line":46,"column":6},"end":{"line":48,"column":7}}]},"3":{"loc":{"start":{"line":53,"column":6},"end":{"line":55,"column":7}},"type":"if","locations":[{"start":{"line":53,"column":6},"end":{"line":55,"column":7}}]},"4":{"loc":{"start":{"line":60,"column":6},"end":{"line":62,"column":7}},"type":"if","locations":[{"start":{"line":60,"column":6},"end":{"line":62,"column":7}}]},"5":{"loc":{"start":{"line":80,"column":2},"end":{"line":82,"column":3}},"type":"if","locations":[{"start":{"line":80,"column":2},"end":{"line":82,"column":3}}]}},"s":{"0":0,"1":0,"2":0,"3":0,"4":0,"5":0,"6":0,"7":0,"8":0,"9":0,"10":0,"11":0,"12":0,"13":0,"14":0,"15":0,"16":0,"17":0,"18":0,"19":0,"20":0,"21":0,"22":0,"23":0,"24":0,"25":0,"26":0,"27":0,"28":0,"29":0,"30":0,"31":0,"32":0,"33":0,"34":0,"35":0,"36":0,"37":0,"38":0,"39":0,"40":0,"41":0,"42":0},"f":{"0":0,"1":0,"2":0,"3":0,"4":0,"5":0,"6":0,"7":0,"8":0,"9":0},"b":{"0":[0],"1":[0,0,0,0],"2":[0],"3":[0],"4":[0],"5":[0]}}
,"C:\\Users\\neufe\\Documents\\aaWebHub\\poprev2\\packages\\content-transformer\\src\\markdown-transformer.ts": {"path":"C:\\Users\\neufe\\Documents\\aaWebHub\\poprev2\\packages\\content-transformer\\src\\markdown-transformer.ts","statementMap":{"0":{"start":{"line":51,"column":0},"end":{"line":51,"column":7}},"1":{"start":{"line":8,"column":0},"end":{"line":8,"column":34}},"2":{"start":{"line":9,"column":0},"end":{"line":9,"column":39}},"3":{"start":{"line":10,"column":0},"end":{"line":10,"column":41}},"4":{"start":{"line":11,"column":0},"end":{"line":11,"column":47}},"5":{"start":{"line":22,"column":27},"end":{"line":22,"column":58}},"6":{"start":{"line":23,"column":16},"end":{"line":23,"column":47}},"7":{"start":{"line":25,"column":2},"end":{"line":27,"column":3}},"8":{"start":{"line":26,"column":4},"end":{"line":26,"column":37}},"9":{"start":{"line":29,"column":22},"end":{"line":29,"column":30}},"10":{"start":{"line":30,"column":36},"end":{"line":30,"column":66}},"11":{"start":{"line":33,"column":40},"end":{"line":33,"column":42}},"12":{"start":{"line":34,"column":2},"end":{"line":40,"column":5}},"13":{"start":{"line":35,"column":33},"end":{"line":35,"column":48}},"14":{"start":{"line":36,"column":4},"end":{"line":39,"column":5}},"15":{"start":{"line":37,"column":20},"end":{"line":37,"column":47}},"16":{"start":{"line":38,"column":6},"end":{"line":38,"column":35}},"17":{"start":{"line":42,"column":2},"end":{"line":42,"column":58}},"18":{"start":{"line":53,"column":59},"end":{"line":53,"column":86}},"19":{"start":{"line":56,"column":22},"end":{"line":58,"column":37}},"20":{"start":{"line":61,"column":15},"end":{"line":66,"column":null}},"21":{"start":{"line":70,"column":29},"end":{"line":70,"column":74}},"22":{"start":{"line":72,"column":2},"end":{"line":76,"column":4}},"23":{"start":{"line":87,"column":25},"end":{"line":90,"column":4}},"24":{"start":{"line":93,"column":2},"end":{"line":95,"column":3}},"25":{"start":{"line":94,"column":4},"end":{"line":94,"column":50}},"26":{"start":{"line":97,"column":2},"end":{"line":97,"column":14}},"27":{"start":{"line":108,"column":38},"end":{"line":110,"column":4}},"28":{"start":{"line":113,"column":2},"end":{"line":156,"column":3}},"29":{"start":{"line":115,"column":6},"end":{"line":115,"column":39}},"30":{"start":{"line":116,"column":6},"end":{"line":116,"column":12}},"31":{"start":{"line":118,"column":6},"end":{"line":118,"column":43}},"32":{"start":{"line":119,"column":6},"end":{"line":121,"column":7}},"33":{"start":{"line":120,"column":8},"end":{"line":120,"column":41}},"34":{"start":{"line":122,"column":6},"end":{"line":122,"column":12}},"35":{"start":{"line":124,"column":6},"end":{"line":124,"column":35}},"36":{"start":{"line":125,"column":6},"end":{"line":127,"column":7}},"37":{"start":{"line":126,"column":8},"end":{"line":126,"column":41}},"38":{"start":{"line":128,"column":6},"end":{"line":128,"column":12}},"39":{"start":{"line":130,"column":6},"end":{"line":130,"column":35}},"40":{"start":{"line":131,"column":6},"end":{"line":133,"column":7}},"41":{"start":{"line":132,"column":8},"end":{"line":132,"column":37}},"42":{"start":{"line":134,"column":6},"end":{"line":136,"column":7}},"43":{"start":{"line":135,"column":8},"end":{"line":135,"column":41}},"44":{"start":{"line":137,"column":6},"end":{"line":137,"column":12}},"45":{"start":{"line":139,"column":6},"end":{"line":141,"column":7}},"46":{"start":{"line":140,"column":8},"end":{"line":140,"column":39}},"47":{"start":{"line":142,"column":6},"end":{"line":144,"column":7}},"48":{"start":{"line":143,"column":8},"end":{"line":143,"column":39}},"49":{"start":{"line":145,"column":6},"end":{"line":145,"column":39}},"50":{"start":{"line":146,"column":6},"end":{"line":146,"column":12}},"51":{"start":{"line":149,"column":6},"end":{"line":149,"column":39}},"52":{"start":{"line":150,"column":6},"end":{"line":150,"column":12}},"53":{"start":{"line":152,"column":6},"end":{"line":154,"column":7}},"54":{"start":{"line":153,"column":8},"end":{"line":153,"column":41}},"55":{"start":{"line":155,"column":6},"end":{"line":155,"column":12}},"56":{"start":{"line":159,"column":2},"end":{"line":161,"column":3}},"57":{"start":{"line":160,"column":4},"end":{"line":160,"column":60}},"58":{"start":{"line":163,"column":2},"end":{"line":163,"column":23}}},"fnMap":{"0":{"name":"extractFrontmatter","decl":{"start":{"line":20,"column":9},"end":{"line":20,"column":27}},"loc":{"start":{"line":20,"column":43},"end":{"line":43,"column":1}}},"1":{"name":"(anonymous_2)","decl":{"start":{"line":34,"column":34},"end":{"line":34,"column":38}},"loc":{"start":{"line":34,"column":41},"end":{"line":40,"column":3}}},"2":{"name":"transformMarkdown","decl":{"start":{"line":51,"column":22},"end":{"line":51,"column":39}},"loc":{"start":{"line":51,"column":55},"end":{"line":77,"column":1}}},"3":{"name":"convertRemarkAstToInternalFormat","decl":{"start":{"line":85,"column":9},"end":{"line":85,"column":41}},"loc":{"start":{"line":85,"column":50},"end":{"line":98,"column":1}}},"4":{"name":"convertNode","decl":{"start":{"line":106,"column":9},"end":{"line":106,"column":20}},"loc":{"start":{"line":106,"column":30},"end":{"line":164,"column":1}}}},"branchMap":{"0":{"loc":{"start":{"line":25,"column":2},"end":{"line":27,"column":3}},"type":"if","locations":[{"start":{"line":25,"column":2},"end":{"line":27,"column":3}}]},"1":{"loc":{"start":{"line":36,"column":4},"end":{"line":39,"column":5}},"type":"if","locations":[{"start":{"line":36,"column":4},"end":{"line":39,"column":5}}]},"2":{"loc":{"start":{"line":36,"column":8},"end":{"line":36,"column":32}},"type":"binary-expr","locations":[{"start":{"line":36,"column":8},"end":{"line":36,"column":11}},{"start":{"line":36,"column":15},"end":{"line":36,"column":32}}]},"3":{"loc":{"start":{"line":93,"column":2},"end":{"line":95,"column":3}},"type":"if","locations":[{"start":{"line":93,"column":2},"end":{"line":95,"column":3}}]},"4":{"loc":{"start":{"line":93,"column":6},"end":{"line":93,"column":49}},"type":"binary-expr","locations":[{"start":{"line":93,"column":6},"end":{"line":93,"column":18}},{"start":{"line":93,"column":22},"end":{"line":93,"column":49}}]},"5":{"loc":{"start":{"line":113,"column":2},"end":{"line":156,"column":3}},"type":"switch","locations":[{"start":{"line":114,"column":4},"end":{"line":116,"column":12}},{"start":{"line":117,"column":4},"end":{"line":122,"column":12}},{"start":{"line":123,"column":4},"end":{"line":128,"column":12}},{"start":{"line":129,"column":4},"end":{"line":137,"column":12}},{"start":{"line":138,"column":4},"end":{"line":146,"column":12}},{"start":{"line":147,"column":4},"end":{"line":147,"column":22}},{"start":{"line":148,"column":4},"end":{"line":150,"column":12}},{"start":{"line":151,"column":4},"end":{"line":155,"column":12}}]},"6":{"loc":{"start":{"line":119,"column":6},"end":{"line":121,"column":7}},"type":"if","locations":[{"start":{"line":119,"column":6},"end":{"line":121,"column":7}}]},"7":{"loc":{"start":{"line":119,"column":10},"end":{"line":119,"column":57}},"type":"binary-expr","locations":[{"start":{"line":119,"column":10},"end":{"line":119,"column":29}},{"start":{"line":119,"column":33},"end":{"line":119,"column":57}}]},"8":{"loc":{"start":{"line":125,"column":6},"end":{"line":127,"column":7}},"type":"if","locations":[{"start":{"line":125,"column":6},"end":{"line":127,"column":7}}]},"9":{"loc":{"start":{"line":131,"column":6},"end":{"line":133,"column":7}},"type":"if","locations":[{"start":{"line":131,"column":6},"end":{"line":133,"column":7}}]},"10":{"loc":{"start":{"line":134,"column":6},"end":{"line":136,"column":7}},"type":"if","locations":[{"start":{"line":134,"column":6},"end":{"line":136,"column":7}}]},"11":{"loc":{"start":{"line":139,"column":6},"end":{"line":141,"column":7}},"type":"if","locations":[{"start":{"line":139,"column":6},"end":{"line":141,"column":7}}]},"12":{"loc":{"start":{"line":142,"column":6},"end":{"line":144,"column":7}},"type":"if","locations":[{"start":{"line":142,"column":6},"end":{"line":144,"column":7}}]},"13":{"loc":{"start":{"line":152,"column":6},"end":{"line":154,"column":7}},"type":"if","locations":[{"start":{"line":152,"column":6},"end":{"line":154,"column":7}}]},"14":{"loc":{"start":{"line":159,"column":2},"end":{"line":161,"column":3}},"type":"if","locations":[{"start":{"line":159,"column":2},"end":{"line":161,"column":3}}]},"15":{"loc":{"start":{"line":159,"column":6},"end":{"line":159,"column":51}},"type":"binary-expr","locations":[{"start":{"line":159,"column":6},"end":{"line":159,"column":19}},{"start":{"line":159,"column":23},"end":{"line":159,"column":51}}]}},"s":{"0":0,"1":0,"2":0,"3":0,"4":0,"5":0,"6":0,"7":0,"8":0,"9":0,"10":0,"11":0,"12":0,"13":0,"14":0,"15":0,"16":0,"17":0,"18":0,"19":0,"20":0,"21":0,"22":0,"23":0,"24":0,"25":0,"26":0,"27":0,"28":0,"29":0,"30":0,"31":0,"32":0,"33":0,"34":0,"35":0,"36":0,"37":0,"38":0,"39":0,"40":0,"41":0,"42":0,"43":0,"44":0,"45":0,"46":0,"47":0,"48":0,"49":0,"50":0,"51":0,"52":0,"53":0,"54":0,"55":0,"56":0,"57":0,"58":0},"f":{"0":0,"1":0,"2":0,"3":0,"4":0},"b":{"0":[0],"1":[0],"2":[0,0],"3":[0],"4":[0,0],"5":[0,0,0,0,0,0,0,0],"6":[0],"7":[0,0],"8":[0],"9":[0],"10":[0],"11":[0],"12":[0],"13":[0],"14":[0],"15":[0,0]}}
,"C:\\Users\\neufe\\Documents\\aaWebHub\\poprev2\\packages\\content-transformer\\src\\metadata-enricher.ts": {"path":"C:\\Users\\neufe\\Documents\\aaWebHub\\poprev2\\packages\\content-transformer\\src\\metadata-enricher.ts","statementMap":{"0":{"start":{"line":17,"column":0},"end":{"line":17,"column":7}},"1":{"start":{"line":19,"column":27},"end":{"line":19,"column":49}},"2":{"start":{"line":22,"column":28},"end":{"line":22,"column":71}},"3":{"start":{"line":25,"column":22},"end":{"line":27,"column":null}},"4":{"start":{"line":31,"column":2},"end":{"line":33,"column":null}},"5":{"start":{"line":44,"column":37},"end":{"line":44,"column":39}},"6":{"start":{"line":47,"column":2},"end":{"line":52,"column":3}},"7":{"start":{"line":48,"column":25},"end":{"line":48,"column":51}},"8":{"start":{"line":49,"column":4},"end":{"line":51,"column":5}},"9":{"start":{"line":50,"column":6},"end":{"line":50,"column":52}},"10":{"start":{"line":55,"column":31},"end":{"line":55,"column":65}},"11":{"start":{"line":56,"column":2},"end":{"line":58,"column":3}},"12":{"start":{"line":57,"column":4},"end":{"line":57,"column":37}},"13":{"start":{"line":59,"column":2},"end":{"line":61,"column":3}},"14":{"start":{"line":60,"column":4},"end":{"line":60,"column":25}},"15":{"start":{"line":64,"column":24},"end":{"line":64,"column":56}},"16":{"start":{"line":65,"column":2},"end":{"line":67,"column":3}},"17":{"start":{"line":66,"column":4},"end":{"line":66,"column":34}},"18":{"start":{"line":69,"column":2},"end":{"line":69,"column":18}},"19":{"start":{"line":79,"column":19},"end":{"line":79,"column":42}},"20":{"start":{"line":82,"column":2},"end":{"line":86,"column":3}},"21":{"start":{"line":83,"column":4},"end":{"line":85,"column":5}},"22":{"start":{"line":84,"column":6},"end":{"line":84,"column":19}},"23":{"start":{"line":89,"column":2},"end":{"line":96,"column":3}},"24":{"start":{"line":90,"column":4},"end":{"line":95,"column":5}},"25":{"start":{"line":91,"column":22},"end":{"line":91,"column":54}},"26":{"start":{"line":92,"column":6},"end":{"line":94,"column":7}},"27":{"start":{"line":93,"column":8},"end":{"line":93,"column":23}},"28":{"start":{"line":98,"column":2},"end":{"line":98,"column":19}},"29":{"start":{"line":108,"column":2},"end":{"line":110,"column":3}},"30":{"start":{"line":109,"column":4},"end":{"line":109,"column":16}},"31":{"start":{"line":112,"column":2},"end":{"line":119,"column":3}},"32":{"start":{"line":113,"column":4},"end":{"line":118,"column":5}},"33":{"start":{"line":114,"column":22},"end":{"line":114,"column":54}},"34":{"start":{"line":115,"column":6},"end":{"line":117,"column":7}},"35":{"start":{"line":116,"column":8},"end":{"line":116,"column":23}},"36":{"start":{"line":121,"column":2},"end":{"line":121,"column":19}},"37":{"start":{"line":131,"column":2},"end":{"line":133,"column":3}},"38":{"start":{"line":132,"column":4},"end":{"line":132,"column":22}},"39":{"start":{"line":135,"column":2},"end":{"line":137,"column":3}},"40":{"start":{"line":136,"column":4},"end":{"line":136,"column":54}},"41":{"start":{"line":139,"column":2},"end":{"line":139,"column":12}},"42":{"start":{"line":149,"column":31},"end":{"line":149,"column":33}},"43":{"start":{"line":150,"column":25},"end":{"line":150,"column":27}},"44":{"start":{"line":153,"column":19},"end":{"line":153,"column":42}},"45":{"start":{"line":155,"column":2},"end":{"line":218,"column":3}},"46":{"start":{"line":155,"column":15},"end":{"line":155,"column":16}},"47":{"start":{"line":156,"column":17},"end":{"line":156,"column":28}},"48":{"start":{"line":159,"column":4},"end":{"line":217,"column":5}},"49":{"start":{"line":160,"column":26},"end":{"line":160,"column":60}},"50":{"start":{"line":162,"column":6},"end":{"line":216,"column":7}},"51":{"start":{"line":164,"column":8},"end":{"line":188,"column":9}},"52":{"start":{"line":165,"column":27},"end":{"line":165,"column":42}},"53":{"start":{"line":167,"column":10},"end":{"line":187,"column":11}},"54":{"start":{"line":169,"column":30},"end":{"line":169,"column":53}},"55":{"start":{"line":170,"column":12},"end":{"line":177,"column":13}},"56":{"start":{"line":171,"column":14},"end":{"line":176,"column":15}},"57":{"start":{"line":172,"column":33},"end":{"line":172,"column":60}},"58":{"start":{"line":173,"column":16},"end":{"line":175,"column":17}},"59":{"start":{"line":174,"column":18},"end":{"line":174,"column":44}},"60":{"start":{"line":178,"column":17},"end":{"line":187,"column":11}},"61":{"start":{"line":180,"column":25},"end":{"line":180,"column":49}},"62":{"start":{"line":181,"column":39},"end":{"line":181,"column":76}},"63":{"start":{"line":181,"column":67},"end":{"line":181,"column":75}},"64":{"start":{"line":182,"column":12},"end":{"line":186,"column":13}},"65":{"start":{"line":183,"column":14},"end":{"line":185,"column":15}},"66":{"start":{"line":184,"column":16},"end":{"line":184,"column":42}},"67":{"start":{"line":189,"column":13},"end":{"line":216,"column":7}},"68":{"start":{"line":191,"column":8},"end":{"line":215,"column":9}},"69":{"start":{"line":192,"column":27},"end":{"line":192,"column":42}},"70":{"start":{"line":194,"column":10},"end":{"line":214,"column":11}},"71":{"start":{"line":196,"column":30},"end":{"line":196,"column":53}},"72":{"start":{"line":197,"column":12},"end":{"line":204,"column":13}},"73":{"start":{"line":198,"column":14},"end":{"line":203,"column":15}},"74":{"start":{"line":199,"column":28},"end":{"line":199,"column":55}},"75":{"start":{"line":200,"column":16},"end":{"line":202,"column":17}},"76":{"start":{"line":201,"column":18},"end":{"line":201,"column":33}},"77":{"start":{"line":205,"column":17},"end":{"line":214,"column":11}},"78":{"start":{"line":207,"column":25},"end":{"line":207,"column":49}},"79":{"start":{"line":208,"column":33},"end":{"line":208,"column":89}},"80":{"start":{"line":208,"column":62},"end":{"line":208,"column":88}},"81":{"start":{"line":209,"column":12},"end":{"line":213,"column":13}},"82":{"start":{"line":210,"column":14},"end":{"line":212,"column":15}},"83":{"start":{"line":211,"column":16},"end":{"line":211,"column":31}},"84":{"start":{"line":220,"column":2},"end":{"line":220,"column":30}},"85":{"start":{"line":231,"column":22},"end":{"line":240,"column":4}},"86":{"start":{"line":243,"column":18},"end":{"line":243,"column":38}},"87":{"start":{"line":246,"column":2},"end":{"line":259,"column":3}},"88":{"start":{"line":247,"column":18},"end":{"line":247,"column":38}},"89":{"start":{"line":248,"column":4},"end":{"line":258,"column":5}},"90":{"start":{"line":250,"column":6},"end":{"line":257,"column":7}},"91":{"start":{"line":251,"column":21},"end":{"line":251,"column":39}},"92":{"start":{"line":252,"column":8},"end":{"line":254,"column":9}},"93":{"start":{"line":253,"column":10},"end":{"line":253,"column":50}},"94":{"start":{"line":261,"column":2},"end":{"line":261,"column":19}},"95":{"start":{"line":271,"column":13},"end":{"line":271,"column":15}},"96":{"start":{"line":274,"column":4},"end":{"line":276,"column":5}},"97":{"start":{"line":275,"column":6},"end":{"line":275,"column":31}},"98":{"start":{"line":278,"column":4},"end":{"line":282,"column":5}},"99":{"start":{"line":279,"column":6},"end":{"line":281,"column":7}},"100":{"start":{"line":280,"column":8},"end":{"line":280,"column":24}},"101":{"start":{"line":285,"column":19},"end":{"line":285,"column":42}},"102":{"start":{"line":286,"column":2},"end":{"line":288,"column":3}},"103":{"start":{"line":287,"column":4},"end":{"line":287,"column":20}},"104":{"start":{"line":290,"column":2},"end":{"line":290,"column":14}}},"fnMap":{"0":{"name":"enrichMetadata","decl":{"start":{"line":17,"column":22},"end":{"line":17,"column":36}},"loc":{"start":{"line":17,"column":68},"end":{"line":35,"column":1}}},"1":{"name":"extractMetadataFromContent","decl":{"start":{"line":43,"column":9},"end":{"line":43,"column":35}},"loc":{"start":{"line":43,"column":54},"end":{"line":70,"column":1}}},"2":{"name":"findFirstHeading","decl":{"start":{"line":78,"column":9},"end":{"line":78,"column":25}},"loc":{"start":{"line":78,"column":44},"end":{"line":99,"column":1}}},"3":{"name":"findFirstHeadingRecursive","decl":{"start":{"line":107,"column":9},"end":{"line":107,"column":34}},"loc":{"start":{"line":107,"column":53},"end":{"line":122,"column":1}}},"4":{"name":"getTextContent","decl":{"start":{"line":130,"column":9},"end":{"line":130,"column":23}},"loc":{"start":{"line":130,"column":42},"end":{"line":140,"column":1}}},"5":{"name":"extractCategoriesAndTags","decl":{"start":{"line":148,"column":9},"end":{"line":148,"column":33}},"loc":{"start":{"line":148,"column":52},"end":{"line":221,"column":1}}},"6":{"name":"(anonymous_6)","decl":{"start":{"line":181,"column":62},"end":{"line":181,"column":63}},"loc":{"start":{"line":181,"column":67},"end":{"line":181,"column":75}}},"7":{"name":"(anonymous_7)","decl":{"start":{"line":208,"column":57},"end":{"line":208,"column":58}},"loc":{"start":{"line":208,"column":62},"end":{"line":208,"column":88}}},"8":{"name":"extractDateFromContent","decl":{"start":{"line":229,"column":9},"end":{"line":229,"column":31}},"loc":{"start":{"line":229,"column":50},"end":{"line":262,"column":1}}},"9":{"name":"getAllText","decl":{"start":{"line":270,"column":9},"end":{"line":270,"column":19}},"loc":{"start":{"line":270,"column":38},"end":{"line":291,"column":1}}},"10":{"name":"traverse","decl":{"start":{"line":273,"column":11},"end":{"line":273,"column":19}},"loc":{"start":{"line":273,"column":38},"end":{"line":283,"column":3}}}},"branchMap":{"0":{"loc":{"start":{"line":17,"column":51},"end":{"line":17,"column":68}},"type":"default-arg","locations":[{"start":{"line":17,"column":66},"end":{"line":17,"column":68}}]},"1":{"loc":{"start":{"line":19,"column":27},"end":{"line":19,"column":49}},"type":"binary-expr","locations":[{"start":{"line":19,"column":27},"end":{"line":19,"column":43}},{"start":{"line":19,"column":47},"end":{"line":19,"column":49}}]},"2":{"loc":{"start":{"line":47,"column":2},"end":{"line":52,"column":3}},"type":"if","locations":[{"start":{"line":47,"column":2},"end":{"line":52,"column":3}}]},"3":{"loc":{"start":{"line":49,"column":4},"end":{"line":51,"column":5}},"type":"if","locations":[{"start":{"line":49,"column":4},"end":{"line":51,"column":5}}]},"4":{"loc":{"start":{"line":56,"column":2},"end":{"line":58,"column":3}},"type":"if","locations":[{"start":{"line":56,"column":2},"end":{"line":58,"column":3}}]},"5":{"loc":{"start":{"line":59,"column":2},"end":{"line":61,"column":3}},"type":"if","locations":[{"start":{"line":59,"column":2},"end":{"line":61,"column":3}}]},"6":{"loc":{"start":{"line":65,"column":2},"end":{"line":67,"column":3}},"type":"if","locations":[{"start":{"line":65,"column":2},"end":{"line":67,"column":3}}]},"7":{"loc":{"start":{"line":65,"column":6},"end":{"line":65,"column":37}},"type":"binary-expr","locations":[{"start":{"line":65,"column":6},"end":{"line":65,"column":19}},{"start":{"line":65,"column":23},"end":{"line":65,"column":37}}]},"8":{"loc":{"start":{"line":79,"column":19},"end":{"line":79,"column":42}},"type":"binary-expr","locations":[{"start":{"line":79,"column":19},"end":{"line":79,"column":36}},{"start":{"line":79,"column":40},"end":{"line":79,"column":42}}]},"9":{"loc":{"start":{"line":83,"column":4},"end":{"line":85,"column":5}},"type":"if","locations":[{"start":{"line":83,"column":4},"end":{"line":85,"column":5}}]},"10":{"loc":{"start":{"line":90,"column":4},"end":{"line":95,"column":5}},"type":"if","locations":[{"start":{"line":90,"column":4},"end":{"line":95,"column":5}}]},"11":{"loc":{"start":{"line":90,"column":8},"end":{"line":90,"column":51}},"type":"binary-expr","locations":[{"start":{"line":90,"column":8},"end":{"line":90,"column":22}},{"start":{"line":90,"column":26},"end":{"line":90,"column":51}}]},"12":{"loc":{"start":{"line":92,"column":6},"end":{"line":94,"column":7}},"type":"if","locations":[{"start":{"line":92,"column":6},"end":{"line":94,"column":7}}]},"13":{"loc":{"start":{"line":108,"column":2},"end":{"line":110,"column":3}},"type":"if","locations":[{"start":{"line":108,"column":2},"end":{"line":110,"column":3}}]},"14":{"loc":{"start":{"line":112,"column":2},"end":{"line":119,"column":3}},"type":"if","locations":[{"start":{"line":112,"column":2},"end":{"line":119,"column":3}}]},"15":{"loc":{"start":{"line":112,"column":6},"end":{"line":112,"column":47}},"type":"binary-expr","locations":[{"start":{"line":112,"column":6},"end":{"line":112,"column":19}},{"start":{"line":112,"column":23},"end":{"line":112,"column":47}}]},"16":{"loc":{"start":{"line":115,"column":6},"end":{"line":117,"column":7}},"type":"if","locations":[{"start":{"line":115,"column":6},"end":{"line":117,"column":7}}]},"17":{"loc":{"start":{"line":131,"column":2},"end":{"line":133,"column":3}},"type":"if","locations":[{"start":{"line":131,"column":2},"end":{"line":133,"column":3}}]},"18":{"loc":{"start":{"line":131,"column":6},"end":{"line":131,"column":40}},"type":"binary-expr","locations":[{"start":{"line":131,"column":6},"end":{"line":131,"column":26}},{"start":{"line":131,"column":30},"end":{"line":131,"column":40}}]},"19":{"loc":{"start":{"line":135,"column":2},"end":{"line":137,"column":3}},"type":"if","locations":[{"start":{"line":135,"column":2},"end":{"line":137,"column":3}}]},"20":{"loc":{"start":{"line":135,"column":6},"end":{"line":135,"column":47}},"type":"binary-expr","locations":[{"start":{"line":135,"column":6},"end":{"line":135,"column":19}},{"start":{"line":135,"column":23},"end":{"line":135,"column":47}}]},"21":{"loc":{"start":{"line":153,"column":19},"end":{"line":153,"column":42}},"type":"binary-expr","locations":[{"start":{"line":153,"column":19},"end":{"line":153,"column":36}},{"start":{"line":153,"column":40},"end":{"line":153,"column":42}}]},"22":{"loc":{"start":{"line":159,"column":4},"end":{"line":217,"column":5}},"type":"if","locations":[{"start":{"line":159,"column":4},"end":{"line":217,"column":5}}]},"23":{"loc":{"start":{"line":162,"column":6},"end":{"line":216,"column":7}},"type":"if","locations":[{"start":{"line":162,"column":6},"end":{"line":216,"column":7}},{"start":{"line":189,"column":13},"end":{"line":216,"column":7}}]},"24":{"loc":{"start":{"line":162,"column":10},"end":{"line":162,"column":74}},"type":"binary-expr","locations":[{"start":{"line":162,"column":10},"end":{"line":162,"column":41}},{"start":{"line":162,"column":45},"end":{"line":162,"column":74}}]},"25":{"loc":{"start":{"line":164,"column":8},"end":{"line":188,"column":9}},"type":"if","locations":[{"start":{"line":164,"column":8},"end":{"line":188,"column":9}}]},"26":{"loc":{"start":{"line":167,"column":10},"end":{"line":187,"column":11}},"type":"if","locations":[{"start":{"line":167,"column":10},"end":{"line":187,"column":11}},{"start":{"line":178,"column":17},"end":{"line":187,"column":11}}]},"27":{"loc":{"start":{"line":169,"column":30},"end":{"line":169,"column":53}},"type":"binary-expr","locations":[{"start":{"line":169,"column":30},"end":{"line":169,"column":47}},{"start":{"line":169,"column":51},"end":{"line":169,"column":53}}]},"28":{"loc":{"start":{"line":171,"column":14},"end":{"line":176,"column":15}},"type":"if","locations":[{"start":{"line":171,"column":14},"end":{"line":176,"column":15}}]},"29":{"loc":{"start":{"line":173,"column":16},"end":{"line":175,"column":17}},"type":"if","locations":[{"start":{"line":173,"column":16},"end":{"line":175,"column":17}}]},"30":{"loc":{"start":{"line":178,"column":17},"end":{"line":187,"column":11}},"type":"if","locations":[{"start":{"line":178,"column":17},"end":{"line":187,"column":11}}]},"31":{"loc":{"start":{"line":183,"column":14},"end":{"line":185,"column":15}},"type":"if","locations":[{"start":{"line":183,"column":14},"end":{"line":185,"column":15}}]},"32":{"loc":{"start":{"line":189,"column":13},"end":{"line":216,"column":7}},"type":"if","locations":[{"start":{"line":189,"column":13},"end":{"line":216,"column":7}}]},"33":{"loc":{"start":{"line":189,"column":17},"end":{"line":189,"column":79}},"type":"binary-expr","locations":[{"start":{"line":189,"column":17},"end":{"line":189,"column":44}},{"start":{"line":189,"column":48},"end":{"line":189,"column":79}}]},"34":{"loc":{"start":{"line":191,"column":8},"end":{"line":215,"column":9}},"type":"if","locations":[{"start":{"line":191,"column":8},"end":{"line":215,"column":9}}]},"35":{"loc":{"start":{"line":194,"column":10},"end":{"line":214,"column":11}},"type":"if","locations":[{"start":{"line":194,"column":10},"end":{"line":214,"column":11}},{"start":{"line":205,"column":17},"end":{"line":214,"column":11}}]},"36":{"loc":{"start":{"line":196,"column":30},"end":{"line":196,"column":53}},"type":"binary-expr","locations":[{"start":{"line":196,"column":30},"end":{"line":196,"column":47}},{"start":{"line":196,"column":51},"end":{"line":196,"column":53}}]},"37":{"loc":{"start":{"line":198,"column":14},"end":{"line":203,"column":15}},"type":"if","locations":[{"start":{"line":198,"column":14},"end":{"line":203,"column":15}}]},"38":{"loc":{"start":{"line":200,"column":16},"end":{"line":202,"column":17}},"type":"if","locations":[{"start":{"line":200,"column":16},"end":{"line":202,"column":17}}]},"39":{"loc":{"start":{"line":205,"column":17},"end":{"line":214,"column":11}},"type":"if","locations":[{"start":{"line":205,"column":17},"end":{"line":214,"column":11}}]},"40":{"loc":{"start":{"line":210,"column":14},"end":{"line":212,"column":15}},"type":"if","locations":[{"start":{"line":210,"column":14},"end":{"line":212,"column":15}}]},"41":{"loc":{"start":{"line":248,"column":4},"end":{"line":258,"column":5}},"type":"if","locations":[{"start":{"line":248,"column":4},"end":{"line":258,"column":5}}]},"42":{"loc":{"start":{"line":252,"column":8},"end":{"line":254,"column":9}},"type":"if","locations":[{"start":{"line":252,"column":8},"end":{"line":254,"column":9}}]},"43":{"loc":{"start":{"line":274,"column":4},"end":{"line":276,"column":5}},"type":"if","locations":[{"start":{"line":274,"column":4},"end":{"line":276,"column":5}}]},"44":{"loc":{"start":{"line":274,"column":8},"end":{"line":274,"column":42}},"type":"binary-expr","locations":[{"start":{"line":274,"column":8},"end":{"line":274,"column":28}},{"start":{"line":274,"column":32},"end":{"line":274,"column":42}}]},"45":{"loc":{"start":{"line":278,"column":4},"end":{"line":282,"column":5}},"type":"if","locations":[{"start":{"line":278,"column":4},"end":{"line":282,"column":5}}]},"46":{"loc":{"start":{"line":278,"column":8},"end":{"line":278,"column":49}},"type":"binary-expr","locations":[{"start":{"line":278,"column":8},"end":{"line":278,"column":21}},{"start":{"line":278,"column":25},"end":{"line":278,"column":49}}]},"47":{"loc":{"start":{"line":285,"column":19},"end":{"line":285,"column":42}},"type":"binary-expr","locations":[{"start":{"line":285,"column":19},"end":{"line":285,"column":36}},{"start":{"line":285,"column":40},"end":{"line":285,"column":42}}]}},"s":{"0":0,"1":0,"2":0,"3":0,"4":0,"5":0,"6":0,"7":0,"8":0,"9":0,"10":0,"11":0,"12":0,"13":0,"14":0,"15":0,"16":0,"17":0,"18":0,"19":0,"20":0,"21":0,"22":0,"23":0,"24":0,"25":0,"26":0,"27":0,"28":0,"29":0,"30":0,"31":0,"32":0,"33":0,"34":0,"35":0,"36":0,"37":0,"38":0,"39":0,"40":0,"41":0,"42":0,"43":0,"44":0,"45":0,"46":0,"47":0,"48":0,"49":0,"50":0,"51":0,"52":0,"53":0,"54":0,"55":0,"56":0,"57":0,"58":0,"59":0,"60":0,"61":0,"62":0,"63":0,"64":0,"65":0,"66":0,"67":0,"68":0,"69":0,"70":0,"71":0,"72":0,"73":0,"74":0,"75":0,"76":0,"77":0,"78":0,"79":0,"80":0,"81":0,"82":0,"83":0,"84":0,"85":0,"86":0,"87":0,"88":0,"89":0,"90":0,"91":0,"92":0,"93":0,"94":0,"95":0,"96":0,"97":0,"98":0,"99":0,"100":0,"101":0,"102":0,"103":0,"104":0},"f":{"0":0,"1":0,"2":0,"3":0,"4":0,"5":0,"6":0,"7":0,"8":0,"9":0,"10":0},"b":{"0":[0],"1":[0,0],"2":[0],"3":[0],"4":[0],"5":[0],"6":[0],"7":[0,0],"8":[0,0],"9":[0],"10":[0],"11":[0,0],"12":[0],"13":[0],"14":[0],"15":[0,0],"16":[0],"17":[0],"18":[0,0],"19":[0],"20":[0,0],"21":[0,0],"22":[0],"23":[0,0],"24":[0,0],"25":[0],"26":[0,0],"27":[0,0],"28":[0],"29":[0],"30":[0],"31":[0],"32":[0],"33":[0,0],"34":[0],"35":[0,0],"36":[0,0],"37":[0],"38":[0],"39":[0],"40":[0],"41":[0],"42":[0],"43":[0],"44":[0,0],"45":[0],"46":[0,0],"47":[0,0]}}
,"C:\\Users\\neufe\\Documents\\aaWebHub\\poprev2\\packages\\content-transformer\\src\\perplexity-transformer.ts": {"path":"C:\\Users\\neufe\\Documents\\aaWebHub\\poprev2\\packages\\content-transformer\\src\\perplexity-transformer.ts","statementMap":{"0":{"start":{"line":16,"column":0},"end":{"line":16,"column":7}},"1":{"start":{"line":18,"column":24},"end":{"line":18,"column":54}},"2":{"start":{"line":21,"column":19},"end":{"line":21,"column":59}},"3":{"start":{"line":24,"column":29},"end":{"line":24,"column":67}},"4":{"start":{"line":27,"column":15},"end":{"line":27,"column":47}},"5":{"start":{"line":29,"column":2},"end":{"line":34,"column":4}},"6":{"start":{"line":44,"column":2},"end":{"line":88,"column":3}},"7":{"start":{"line":46,"column":4},"end":{"line":50,"column":5}},"8":{"start":{"line":47,"column":6},"end":{"line":47,"column":33}},"9":{"start":{"line":54,"column":26},"end":{"line":54,"column":53}},"10":{"start":{"line":55,"column":21},"end":{"line":55,"column":65}},"11":{"start":{"line":58,"column":25},"end":{"line":58,"column":75}},"12":{"start":{"line":59,"column":24},"end":{"line":59,"column":59}},"13":{"start":{"line":60,"column":20},"end":{"line":63,"column":42}},"14":{"start":{"line":62,"column":21},"end":{"line":62,"column":34}},"15":{"start":{"line":63,"column":24},"end":{"line":63,"column":41}},"16":{"start":{"line":66,"column":19},"end":{"line":66,"column":26}},"17":{"start":{"line":67,"column":4},"end":{"line":69,"column":5}},"18":{"start":{"line":68,"column":6},"end":{"line":68,"column":61}},"19":{"start":{"line":70,"column":4},"end":{"line":72,"column":5}},"20":{"start":{"line":71,"column":6},"end":{"line":71,"column":74}},"21":{"start":{"line":73,"column":4},"end":{"line":73,"column":31}},"22":{"start":{"line":75,"column":4},"end":{"line":79,"column":6}},"23":{"start":{"line":81,"column":4},"end":{"line":81,"column":61}},"24":{"start":{"line":83,"column":4},"end":{"line":87,"column":6}},"25":{"start":{"line":98,"column":2},"end":{"line":105,"column":4}},"26":{"start":{"line":116,"column":29},"end":{"line":119,"column":4}},"27":{"start":{"line":122,"column":2},"end":{"line":131,"column":3}},"28":{"start":{"line":123,"column":4},"end":{"line":130,"column":7}},"29":{"start":{"line":134,"column":21},"end":{"line":134,"column":57}},"30":{"start":{"line":135,"column":2},"end":{"line":191,"column":3}},"31":{"start":{"line":136,"column":4},"end":{"line":136,"column":36}},"32":{"start":{"line":136,"column":27},"end":{"line":136,"column":36}},"33":{"start":{"line":139,"column":25},"end":{"line":139,"column":61}},"34":{"start":{"line":140,"column":4},"end":{"line":150,"column":5}},"35":{"start":{"line":141,"column":6},"end":{"line":148,"column":9}},"36":{"start":{"line":149,"column":6},"end":{"line":149,"column":15}},"37":{"start":{"line":153,"column":4},"end":{"line":179,"column":5}},"38":{"start":{"line":154,"column":24},"end":{"line":154,"column":83}},"39":{"start":{"line":154,"column":71},"end":{"line":154,"column":82}},"40":{"start":{"line":155,"column":37},"end":{"line":159,"column":8}},"41":{"start":{"line":161,"column":6},"end":{"line":175,"column":7}},"42":{"start":{"line":162,"column":26},"end":{"line":162,"column":54}},"43":{"start":{"line":163,"column":8},"end":{"line":174,"column":9}},"44":{"start":{"line":164,"column":10},"end":{"line":173,"column":13}},"45":{"start":{"line":177,"column":6},"end":{"line":177,"column":39}},"46":{"start":{"line":178,"column":6},"end":{"line":178,"column":15}},"47":{"start":{"line":182,"column":4},"end":{"line":190,"column":5}},"48":{"start":{"line":183,"column":6},"end":{"line":189,"column":9}},"49":{"start":{"line":194,"column":2},"end":{"line":249,"column":3}},"50":{"start":{"line":195,"column":4},"end":{"line":202,"column":7}},"51":{"start":{"line":204,"column":35},"end":{"line":208,"column":6}},"52":{"start":{"line":210,"column":4},"end":{"line":244,"column":5}},"53":{"start":{"line":212,"column":23},"end":{"line":212,"column":72}},"54":{"start":{"line":213,"column":6},"end":{"line":243,"column":7}},"55":{"start":{"line":214,"column":20},"end":{"line":214,"column":31}},"56":{"start":{"line":215,"column":28},"end":{"line":215,"column":46}},"57":{"start":{"line":217,"column":8},"end":{"line":231,"column":11}},"58":{"start":{"line":232,"column":13},"end":{"line":243,"column":7}},"59":{"start":{"line":233,"column":8},"end":{"line":242,"column":11}},"60":{"start":{"line":246,"column":4},"end":{"line":248,"column":5}},"61":{"start":{"line":247,"column":6},"end":{"line":247,"column":39}},"62":{"start":{"line":251,"column":2},"end":{"line":251,"column":18}},"63":{"start":{"line":262,"column":13},"end":{"line":262,"column":15}},"64":{"start":{"line":265,"column":4},"end":{"line":291,"column":5}},"65":{"start":{"line":267,"column":8},"end":{"line":267,"column":76}},"66":{"start":{"line":270,"column":23},"end":{"line":270,"column":46}},"67":{"start":{"line":271,"column":8},"end":{"line":271,"column":104}},"68":{"start":{"line":274,"column":8},"end":{"line":274,"column":88}},"69":{"start":{"line":277,"column":8},"end":{"line":277,"column":41}},"70":{"start":{"line":280,"column":21},"end":{"line":280,"column":55}},"71":{"start":{"line":281,"column":8},"end":{"line":281,"column":98}},"72":{"start":{"line":284,"column":8},"end":{"line":284,"column":90}},"73":{"start":{"line":287,"column":8},"end":{"line":287,"column":153}},"74":{"start":{"line":290,"column":8},"end":{"line":290,"column":76}},"75":{"start":{"line":294,"column":2},"end":{"line":294,"column":30}},"76":{"start":{"line":295,"column":2},"end":{"line":295,"column":14}}},"fnMap":{"0":{"name":"transformPerplexity","decl":{"start":{"line":16,"column":22},"end":{"line":16,"column":41}},"loc":{"start":{"line":16,"column":57},"end":{"line":35,"column":1}}},"1":{"name":"parsePerplexityFormat","decl":{"start":{"line":43,"column":9},"end":{"line":43,"column":30}},"loc":{"start":{"line":43,"column":46},"end":{"line":89,"column":1}}},"2":{"name":"(anonymous_2)","decl":{"start":{"line":62,"column":11},"end":{"line":62,"column":17}},"loc":{"start":{"line":62,"column":21},"end":{"line":62,"column":34}}},"3":{"name":"(anonymous_3)","decl":{"start":{"line":63,"column":14},"end":{"line":63,"column":20}},"loc":{"start":{"line":63,"column":24},"end":{"line":63,"column":41}}},"4":{"name":"extractPerplexityMetadata","decl":{"start":{"line":97,"column":9},"end":{"line":97,"column":34}},"loc":{"start":{"line":97,"column":53},"end":{"line":106,"column":1}}},"5":{"name":"convertToInternalFormat","decl":{"start":{"line":114,"column":9},"end":{"line":114,"column":32}},"loc":{"start":{"line":114,"column":51},"end":{"line":252,"column":1}}},"6":{"name":"(anonymous_6)","decl":{"start":{"line":154,"column":53},"end":{"line":154,"column":54}},"loc":{"start":{"line":154,"column":71},"end":{"line":154,"column":82}}},"7":{"name":"generateHtml","decl":{"start":{"line":260,"column":9},"end":{"line":260,"column":21}},"loc":{"start":{"line":260,"column":39},"end":{"line":296,"column":1}}},"8":{"name":"processNode","decl":{"start":{"line":264,"column":11},"end":{"line":264,"column":22}},"loc":{"start":{"line":264,"column":41},"end":{"line":292,"column":3}}}},"branchMap":{"0":{"loc":{"start":{"line":55,"column":21},"end":{"line":55,"column":65}},"type":"cond-expr","locations":[{"start":{"line":55,"column":37},"end":{"line":55,"column":60}},{"start":{"line":55,"column":63},"end":{"line":55,"column":65}}]},"1":{"loc":{"start":{"line":59,"column":24},"end":{"line":59,"column":59}},"type":"cond-expr","locations":[{"start":{"line":59,"column":39},"end":{"line":59,"column":54}},{"start":{"line":59,"column":57},"end":{"line":59,"column":59}}]},"2":{"loc":{"start":{"line":67,"column":4},"end":{"line":69,"column":5}},"type":"if","locations":[{"start":{"line":67,"column":4},"end":{"line":69,"column":5}}]},"3":{"loc":{"start":{"line":70,"column":4},"end":{"line":72,"column":5}},"type":"if","locations":[{"start":{"line":70,"column":4},"end":{"line":72,"column":5}}]},"4":{"loc":{"start":{"line":99,"column":11},"end":{"line":99,"column":58}},"type":"binary-expr","locations":[{"start":{"line":99,"column":11},"end":{"line":99,"column":33}},{"start":{"line":99,"column":37},"end":{"line":99,"column":58}}]},"5":{"loc":{"start":{"line":104,"column":20},"end":{"line":104,"column":47}},"type":"binary-expr","locations":[{"start":{"line":104,"column":20},"end":{"line":104,"column":41}},{"start":{"line":104,"column":45},"end":{"line":104,"column":47}}]},"6":{"loc":{"start":{"line":122,"column":2},"end":{"line":131,"column":3}},"type":"if","locations":[{"start":{"line":122,"column":2},"end":{"line":131,"column":3}}]},"7":{"loc":{"start":{"line":122,"column":6},"end":{"line":122,"column":49}},"type":"binary-expr","locations":[{"start":{"line":122,"column":6},"end":{"line":122,"column":28}},{"start":{"line":122,"column":32},"end":{"line":122,"column":49}}]},"8":{"loc":{"start":{"line":136,"column":4},"end":{"line":136,"column":36}},"type":"if","locations":[{"start":{"line":136,"column":4},"end":{"line":136,"column":36}}]},"9":{"loc":{"start":{"line":140,"column":4},"end":{"line":150,"column":5}},"type":"if","locations":[{"start":{"line":140,"column":4},"end":{"line":150,"column":5}}]},"10":{"loc":{"start":{"line":140,"column":8},"end":{"line":140,"column":41}},"type":"binary-expr","locations":[{"start":{"line":140,"column":8},"end":{"line":140,"column":20}},{"start":{"line":140,"column":24},"end":{"line":140,"column":41}}]},"11":{"loc":{"start":{"line":153,"column":4},"end":{"line":179,"column":5}},"type":"if","locations":[{"start":{"line":153,"column":4},"end":{"line":179,"column":5}}]},"12":{"loc":{"start":{"line":153,"column":8},"end":{"line":153,"column":59}},"type":"binary-expr","locations":[{"start":{"line":153,"column":8},"end":{"line":153,"column":38}},{"start":{"line":153,"column":42},"end":{"line":153,"column":59}}]},"13":{"loc":{"start":{"line":163,"column":8},"end":{"line":174,"column":9}},"type":"if","locations":[{"start":{"line":163,"column":8},"end":{"line":174,"column":9}}]},"14":{"loc":{"start":{"line":163,"column":12},"end":{"line":163,"column":42}},"type":"binary-expr","locations":[{"start":{"line":163,"column":12},"end":{"line":163,"column":21}},{"start":{"line":163,"column":25},"end":{"line":163,"column":42}}]},"15":{"loc":{"start":{"line":182,"column":4},"end":{"line":190,"column":5}},"type":"if","locations":[{"start":{"line":182,"column":4},"end":{"line":190,"column":5}}]},"16":{"loc":{"start":{"line":194,"column":2},"end":{"line":249,"column":3}},"type":"if","locations":[{"start":{"line":194,"column":2},"end":{"line":249,"column":3}}]},"17":{"loc":{"start":{"line":194,"column":6},"end":{"line":194,"column":84}},"type":"binary-expr","locations":[{"start":{"line":194,"column":6},"end":{"line":194,"column":27}},{"start":{"line":194,"column":31},"end":{"line":194,"column":63}},{"start":{"line":194,"column":67},"end":{"line":194,"column":84}}]},"18":{"loc":{"start":{"line":213,"column":6},"end":{"line":243,"column":7}},"type":"if","locations":[{"start":{"line":213,"column":6},"end":{"line":243,"column":7}},{"start":{"line":232,"column":13},"end":{"line":243,"column":7}}]},"19":{"loc":{"start":{"line":213,"column":10},"end":{"line":213,"column":39}},"type":"binary-expr","locations":[{"start":{"line":213,"column":10},"end":{"line":213,"column":18}},{"start":{"line":213,"column":22},"end":{"line":213,"column":39}}]},"20":{"loc":{"start":{"line":215,"column":28},"end":{"line":215,"column":46}},"type":"binary-expr","locations":[{"start":{"line":215,"column":28},"end":{"line":215,"column":39}},{"start":{"line":215,"column":43},"end":{"line":215,"column":46}}]},"21":{"loc":{"start":{"line":232,"column":13},"end":{"line":243,"column":7}},"type":"if","locations":[{"start":{"line":232,"column":13},"end":{"line":243,"column":7}}]},"22":{"loc":{"start":{"line":246,"column":4},"end":{"line":248,"column":5}},"type":"if","locations":[{"start":{"line":246,"column":4},"end":{"line":248,"column":5}}]},"23":{"loc":{"start":{"line":265,"column":4},"end":{"line":291,"column":5}},"type":"switch","locations":[{"start":{"line":266,"column":6},"end":{"line":267,"column":76}},{"start":{"line":269,"column":6},"end":{"line":271,"column":104}},{"start":{"line":273,"column":6},"end":{"line":274,"column":88}},{"start":{"line":276,"column":6},"end":{"line":277,"column":41}},{"start":{"line":279,"column":6},"end":{"line":281,"column":98}},{"start":{"line":283,"column":6},"end":{"line":284,"column":90}},{"start":{"line":286,"column":6},"end":{"line":287,"column":153}},{"start":{"line":289,"column":6},"end":{"line":290,"column":76}}]},"24":{"loc":{"start":{"line":267,"column":15},"end":{"line":267,"column":75}},"type":"cond-expr","locations":[{"start":{"line":267,"column":31},"end":{"line":267,"column":70}},{"start":{"line":267,"column":73},"end":{"line":267,"column":75}}]},"25":{"loc":{"start":{"line":270,"column":23},"end":{"line":270,"column":46}},"type":"binary-expr","locations":[{"start":{"line":270,"column":23},"end":{"line":270,"column":41}},{"start":{"line":270,"column":45},"end":{"line":270,"column":46}}]},"26":{"loc":{"start":{"line":271,"column":29},"end":{"line":271,"column":89}},"type":"cond-expr","locations":[{"start":{"line":271,"column":45},"end":{"line":271,"column":84}},{"start":{"line":271,"column":87},"end":{"line":271,"column":89}}]},"27":{"loc":{"start":{"line":274,"column":21},"end":{"line":274,"column":81}},"type":"cond-expr","locations":[{"start":{"line":274,"column":37},"end":{"line":274,"column":76}},{"start":{"line":274,"column":79},"end":{"line":274,"column":81}}]},"28":{"loc":{"start":{"line":277,"column":16},"end":{"line":277,"column":40}},"type":"binary-expr","locations":[{"start":{"line":277,"column":16},"end":{"line":277,"column":34}},{"start":{"line":277,"column":38},"end":{"line":277,"column":40}}]},"29":{"loc":{"start":{"line":280,"column":21},"end":{"line":280,"column":55}},"type":"cond-expr","locations":[{"start":{"line":280,"column":44},"end":{"line":280,"column":48}},{"start":{"line":280,"column":51},"end":{"line":280,"column":55}}]},"30":{"loc":{"start":{"line":281,"column":26},"end":{"line":281,"column":86}},"type":"cond-expr","locations":[{"start":{"line":281,"column":42},"end":{"line":281,"column":81}},{"start":{"line":281,"column":84},"end":{"line":281,"column":86}}]},"31":{"loc":{"start":{"line":284,"column":22},"end":{"line":284,"column":82}},"type":"cond-expr","locations":[{"start":{"line":284,"column":38},"end":{"line":284,"column":77}},{"start":{"line":284,"column":80},"end":{"line":284,"column":82}}]},"32":{"loc":{"start":{"line":287,"column":57},"end":{"line":287,"column":81}},"type":"binary-expr","locations":[{"start":{"line":287,"column":57},"end":{"line":287,"column":75}},{"start":{"line":287,"column":79},"end":{"line":287,"column":81}}]},"33":{"loc":{"start":{"line":287,"column":86},"end":{"line":287,"column":146}},"type":"cond-expr","locations":[{"start":{"line":287,"column":102},"end":{"line":287,"column":141}},{"start":{"line":287,"column":144},"end":{"line":287,"column":146}}]},"34":{"loc":{"start":{"line":290,"column":15},"end":{"line":290,"column":75}},"type":"cond-expr","locations":[{"start":{"line":290,"column":31},"end":{"line":290,"column":70}},{"start":{"line":290,"column":73},"end":{"line":290,"column":75}}]}},"s":{"0":1,"1":3,"2":3,"3":3,"4":3,"5":3,"6":3,"7":3,"8":3,"9":2,"10":2,"11":2,"12":2,"13":2,"14":3,"15":3,"16":2,"17":2,"18":1,"19":2,"20":1,"21":2,"22":2,"23":0,"24":0,"25":3,"26":3,"27":3,"28":2,"29":3,"30":3,"31":4,"32":0,"33":4,"34":4,"35":0,"36":0,"37":4,"38":0,"39":0,"40":0,"41":0,"42":0,"43":0,"44":0,"45":0,"46":0,"47":4,"48":4,"49":3,"50":2,"51":2,"52":2,"53":3,"54":3,"55":3,"56":3,"57":3,"58":0,"59":0,"60":2,"61":2,"62":3,"63":3,"64":33,"65":3,"66":4,"67":4,"68":7,"69":11,"70":2,"71":2,"72":3,"73":3,"74":0,"75":3,"76":3},"f":{"0":3,"1":3,"2":3,"3":3,"4":3,"5":3,"6":0,"7":3,"8":33},"b":{"0":[1,1],"1":[1,1],"2":[1],"3":[1],"4":[3,1],"5":[3,0],"6":[2],"7":[3,2],"8":[0],"9":[0],"10":[4,0],"11":[0],"12":[4,0],"13":[0],"14":[0,0],"15":[4],"16":[2],"17":[3,3,2],"18":[3,0],"19":[3,3],"20":[3,3],"21":[0],"22":[2],"23":[3,4,7,11,2,3,3,0],"24":[3,0],"25":[4,0],"26":[4,0],"27":[7,0],"28":[11,0],"29":[0,2],"30":[2,0],"31":[3,0],"32":[3,0],"33":[3,0],"34":[0,0]}}
}
