TN:
SF:src\content-normalizer.ts
FN:16,normalizeContent
FN:36,normalizeNode
FN:98,standardizeHeadingHierarchy
FN:137,normalizeLinks
FN:142,processNode
FN:185,normalizeImages
FN:190,processNode
FNF:7
FNH:0
FNDA:0,normalizeContent
FNDA:0,normalizeNode
FNDA:0,standardizeHeadingHierarchy
FNDA:0,normalizeLinks
FNDA:0,processNode
FNDA:0,normalizeImages
FNDA:0,processNode
DA:16,0
DA:18,0
DA:21,0
DA:24,0
DA:38,0
DA:41,0
DA:44,0
DA:45,0
DA:47,0
DA:51,0
DA:52,0
DA:54,0
DA:58,0
DA:59,0
DA:61,0
DA:65,0
DA:66,0
DA:68,0
DA:72,0
DA:73,0
DA:74,0
DA:75,0
DA:78,0
DA:82,0
DA:83,0
DA:86,0
DA:98,0
DA:100,0
DA:106,0
DA:109,0
DA:110,0
DA:111,0
DA:113,0
DA:114,0
DA:117,0
DA:118,0
DA:122,0
DA:126,0
DA:137,0
DA:139,0
DA:144,0
DA:147,0
DA:148,0
DA:151,0
DA:153,0
DA:154,0
DA:156,0
DA:162,0
DA:163,0
DA:166,0
DA:170,0
DA:171,0
DA:174,0
DA:185,0
DA:187,0
DA:192,0
DA:195,0
DA:196,0
DA:199,0
DA:201,0
DA:202,0
DA:207,0
DA:208,0
DA:213,0
DA:214,0
DA:217,0
DA:221,0
DA:222,0
DA:225,0
LF:69
LH:0
BRDA:41,0,0,0
BRDA:41,0,1,0
BRDA:41,0,2,0
BRDA:41,0,3,0
BRDA:41,0,4,0
BRDA:44,1,0,0
BRDA:44,2,0,0
BRDA:44,2,1,0
BRDA:44,2,2,0
BRDA:51,3,0,0
BRDA:51,4,0,0
BRDA:51,4,1,0
BRDA:58,5,0,0
BRDA:65,6,0,0
BRDA:66,7,0,0
BRDA:66,7,1,0
BRDA:72,8,0,0
BRDA:72,9,0,0
BRDA:72,9,1,0
BRDA:72,9,2,0
BRDA:74,10,0,0
BRDA:74,11,0,0
BRDA:74,11,1,0
BRDA:82,12,0,0
BRDA:82,13,0,0
BRDA:82,13,1,0
BRDA:102,14,0,0
BRDA:102,14,1,0
BRDA:109,15,0,0
BRDA:109,15,1,0
BRDA:113,16,0,0
BRDA:117,17,0,0
BRDA:147,18,0,0
BRDA:151,19,0,0
BRDA:151,20,0,0
BRDA:151,20,1,0
BRDA:153,21,0,0
BRDA:153,21,1,0
BRDA:153,22,0,0
BRDA:153,22,1,0
BRDA:162,23,0,0
BRDA:162,24,0,0
BRDA:162,24,1,0
BRDA:170,25,0,0
BRDA:170,26,0,0
BRDA:170,26,1,0
BRDA:195,27,0,0
BRDA:199,28,0,0
BRDA:199,29,0,0
BRDA:199,29,1,0
BRDA:199,29,2,0
BRDA:201,30,0,0
BRDA:207,31,0,0
BRDA:208,32,0,0
BRDA:208,32,1,0
BRDA:213,33,0,0
BRDA:213,34,0,0
BRDA:213,34,1,0
BRDA:221,35,0,0
BRDA:221,36,0,0
BRDA:221,36,1,0
BRF:61
BRH:0
end_of_record
TN:
SF:src\content-validator.ts
FN:16,validateContent
FN:41,validateContentStructure
FN:64,validateNode
FN:105,sanitizeContent
FN:123,sanitizeNode
FN:165,sanitizeText
FN:179,sanitizeUrl
FN:194,validateMetadata
FN:206,(anonymous_8)
FN:233,(anonymous_9)
FN:244,(anonymous_10)
FNF:11
FNH:0
FNDA:0,validateContent
FNDA:0,validateContentStructure
FNDA:0,validateNode
FNDA:0,sanitizeContent
FNDA:0,sanitizeNode
FNDA:0,sanitizeText
FNDA:0,sanitizeUrl
FNDA:0,validateMetadata
FNDA:0,(anonymous_8)
FNDA:0,(anonymous_9)
FNDA:0,(anonymous_10)
DA:16,0
DA:18,0
DA:21,0
DA:24,0
DA:27,0
DA:43,0
DA:44,0
DA:48,0
DA:49,0
DA:53,0
DA:54,0
DA:66,0
DA:67,0
DA:71,0
DA:73,0
DA:74,0
DA:76,0
DA:79,0
DA:80,0
DA:82,0
DA:85,0
DA:86,0
DA:88,0
DA:92,0
DA:93,0
DA:94,0
DA:107,0
DA:110,0
DA:111,0
DA:114,0
DA:125,0
DA:128,0
DA:131,0
DA:132,0
DA:134,0
DA:138,0
DA:139,0
DA:141,0
DA:145,0
DA:146,0
DA:148,0
DA:152,0
DA:153,0
DA:156,0
DA:167,0
DA:181,0
DA:182,0
DA:185,0
DA:196,0
DA:199,0
DA:200,0
DA:204,0
DA:205,0
DA:206,0
DA:207,0
DA:209,0
DA:210,0
DA:215,0
DA:216,0
DA:217,0
DA:218,0
DA:219,0
DA:221,0
DA:224,0
DA:229,0
DA:230,0
DA:231,0
DA:233,0
DA:234,0
DA:240,0
DA:241,0
DA:242,0
DA:244,0
DA:245,0
DA:250,0
LF:75
LH:0
BRDA:43,0,0,0
BRDA:43,1,0,0
BRDA:43,1,1,0
BRDA:48,2,0,0
BRDA:48,3,0,0
BRDA:48,3,1,0
BRDA:66,4,0,0
BRDA:71,5,0,0
BRDA:71,5,1,0
BRDA:71,5,2,0
BRDA:73,6,0,0
BRDA:73,7,0,0
BRDA:73,7,1,0
BRDA:73,7,2,0
BRDA:79,8,0,0
BRDA:85,9,0,0
BRDA:92,10,0,0
BRDA:92,11,0,0
BRDA:92,11,1,0
BRDA:110,12,0,0
BRDA:110,13,0,0
BRDA:110,13,1,0
BRDA:128,14,0,0
BRDA:128,14,1,0
BRDA:128,14,2,0
BRDA:131,15,0,0
BRDA:138,16,0,0
BRDA:145,17,0,0
BRDA:152,18,0,0
BRDA:152,19,0,0
BRDA:152,19,1,0
BRDA:181,20,0,0
BRDA:199,21,0,0
BRDA:199,22,0,0
BRDA:199,22,1,0
BRDA:204,23,0,0
BRDA:205,24,0,0
BRDA:205,24,1,0
BRDA:207,25,0,0
BRDA:207,25,1,0
BRDA:209,26,0,0
BRDA:215,27,0,0
BRDA:218,28,0,0
BRDA:218,28,1,0
BRDA:229,29,0,0
BRDA:230,30,0,0
BRDA:230,30,1,0
BRDA:234,31,0,0
BRDA:234,31,1,0
BRDA:240,32,0,0
BRDA:241,33,0,0
BRDA:241,33,1,0
BRDA:245,34,0,0
BRDA:245,34,1,0
BRF:54
BRH:0
end_of_record
TN:
SF:src\docx-transformer.ts
FN:17,transformDocx
FN:42,extractDocxMetadata
FN:50,(anonymous_3)
FN:60,(anonymous_4)
FN:88,convertHtmlToInternalFormat
FN:105,(anonymous_6)
FN:113,(anonymous_7)
FN:125,(anonymous_8)
FNF:8
FNH:0
FNDA:0,transformDocx
FNDA:0,extractDocxMetadata
FNDA:0,(anonymous_3)
FNDA:0,(anonymous_4)
FNDA:0,convertHtmlToInternalFormat
FNDA:0,(anonymous_6)
FNDA:0,(anonymous_7)
FNDA:0,(anonymous_8)
DA:8,0
DA:17,0
DA:19,0
DA:20,0
DA:23,0
DA:26,0
DA:28,0
DA:43,0
DA:49,0
DA:50,0
DA:53,0
DA:56,0
DA:57,0
DA:60,0
DA:61,0
DA:66,0
DA:67,0
DA:69,0
DA:70,0
DA:75,0
DA:77,0
DA:78,0
DA:90,0
DA:99,0
DA:102,0
DA:103,0
DA:104,0
DA:105,0
DA:109,0
DA:112,0
DA:113,0
DA:125,0
DA:138,0
LF:33
LH:0
BRDA:56,0,0,0
BRDA:61,1,0,0
BRDA:61,1,1,0
BRDA:61,1,2,0
BRDA:66,2,0,0
BRDA:67,3,0,0
BRDA:67,3,1,0
BRDA:69,4,0,0
BRDA:69,5,0,0
BRDA:69,5,1,0
BRDA:99,6,0,0
BRDA:99,6,1,0
BRDA:104,7,0,0
BRDA:104,7,1,0
BRDA:109,8,0,0
BRDA:109,8,1,0
BRF:16
BRH:0
end_of_record
TN:
SF:src\index.ts
FN:21,(anonymous_4)
FN:22,(anonymous_5)
FN:23,(anonymous_6)
FN:24,(anonymous_7)
FN:24,(anonymous_8)
FN:24,(anonymous_9)
FN:24,(anonymous_10)
FN:25,(anonymous_11)
FN:26,(anonymous_12)
FN:36,transformContent
FNF:10
FNH:0
FNDA:0,(anonymous_4)
FNDA:0,(anonymous_5)
FNDA:0,(anonymous_6)
FNDA:0,(anonymous_7)
FNDA:0,(anonymous_8)
FNDA:0,(anonymous_9)
FNDA:0,(anonymous_10)
FNDA:0,(anonymous_11)
FNDA:0,(anonymous_12)
FNDA:0,transformContent
DA:9,0
DA:10,0
DA:11,0
DA:12,0
DA:13,0
DA:14,0
DA:18,0
DA:21,0
DA:22,0
DA:23,0
DA:24,0
DA:25,0
DA:26,0
DA:36,0
DA:44,0
DA:46,0
DA:47,0
DA:49,0
DA:50,0
DA:53,0
DA:54,0
DA:56,0
DA:57,0
DA:60,0
DA:61,0
DA:63,0
DA:64,0
DA:67,0
DA:71,0
DA:74,0
DA:77,0
DA:80,0
DA:81,0
DA:84,0
LF:34
LH:0
BRDA:39,0,0,0
BRDA:44,1,0,0
BRDA:44,1,1,0
BRDA:44,1,2,0
BRDA:44,1,3,0
BRDA:46,2,0,0
BRDA:53,3,0,0
BRDA:60,4,0,0
BRDA:80,5,0,0
BRF:9
BRH:0
end_of_record
TN:
SF:src\markdown-transformer.ts
FN:20,extractFrontmatter
FN:34,(anonymous_2)
FN:51,transformMarkdown
FN:85,convertRemarkAstToInternalFormat
FN:106,convertNode
FNF:5
FNH:0
FNDA:0,extractFrontmatter
FNDA:0,(anonymous_2)
FNDA:0,transformMarkdown
FNDA:0,convertRemarkAstToInternalFormat
FNDA:0,convertNode
DA:8,0
DA:9,0
DA:10,0
DA:11,0
DA:22,0
DA:23,0
DA:25,0
DA:26,0
DA:29,0
DA:30,0
DA:33,0
DA:34,0
DA:35,0
DA:36,0
DA:37,0
DA:38,0
DA:42,0
DA:51,0
DA:53,0
DA:56,0
DA:61,0
DA:70,0
DA:72,0
DA:87,0
DA:93,0
DA:94,0
DA:97,0
DA:108,0
DA:113,0
DA:115,0
DA:116,0
DA:118,0
DA:119,0
DA:120,0
DA:122,0
DA:124,0
DA:125,0
DA:126,0
DA:128,0
DA:130,0
DA:131,0
DA:132,0
DA:134,0
DA:135,0
DA:137,0
DA:139,0
DA:140,0
DA:142,0
DA:143,0
DA:145,0
DA:146,0
DA:149,0
DA:150,0
DA:152,0
DA:153,0
DA:155,0
DA:159,0
DA:160,0
DA:163,0
LF:59
LH:0
BRDA:25,0,0,0
BRDA:36,1,0,0
BRDA:36,2,0,0
BRDA:36,2,1,0
BRDA:93,3,0,0
BRDA:93,4,0,0
BRDA:93,4,1,0
BRDA:113,5,0,0
BRDA:113,5,1,0
BRDA:113,5,2,0
BRDA:113,5,3,0
BRDA:113,5,4,0
BRDA:113,5,5,0
BRDA:113,5,6,0
BRDA:113,5,7,0
BRDA:119,6,0,0
BRDA:119,7,0,0
BRDA:119,7,1,0
BRDA:125,8,0,0
BRDA:131,9,0,0
BRDA:134,10,0,0
BRDA:139,11,0,0
BRDA:142,12,0,0
BRDA:152,13,0,0
BRDA:159,14,0,0
BRDA:159,15,0,0
BRDA:159,15,1,0
BRF:27
BRH:0
end_of_record
TN:
SF:src\metadata-enricher.ts
FN:17,enrichMetadata
FN:43,extractMetadataFromContent
FN:78,findFirstHeading
FN:107,findFirstHeadingRecursive
FN:130,getTextContent
FN:148,extractCategoriesAndTags
FN:181,(anonymous_6)
FN:208,(anonymous_7)
FN:229,extractDateFromContent
FN:270,getAllText
FN:273,traverse
FNF:11
FNH:0
FNDA:0,enrichMetadata
FNDA:0,extractMetadataFromContent
FNDA:0,findFirstHeading
FNDA:0,findFirstHeadingRecursive
FNDA:0,getTextContent
FNDA:0,extractCategoriesAndTags
FNDA:0,(anonymous_6)
FNDA:0,(anonymous_7)
FNDA:0,extractDateFromContent
FNDA:0,getAllText
FNDA:0,traverse
DA:17,0
DA:19,0
DA:22,0
DA:25,0
DA:31,0
DA:44,0
DA:47,0
DA:48,0
DA:49,0
DA:50,0
DA:55,0
DA:56,0
DA:57,0
DA:59,0
DA:60,0
DA:64,0
DA:65,0
DA:66,0
DA:69,0
DA:79,0
DA:82,0
DA:83,0
DA:84,0
DA:89,0
DA:90,0
DA:91,0
DA:92,0
DA:93,0
DA:98,0
DA:108,0
DA:109,0
DA:112,0
DA:113,0
DA:114,0
DA:115,0
DA:116,0
DA:121,0
DA:131,0
DA:132,0
DA:135,0
DA:136,0
DA:139,0
DA:149,0
DA:150,0
DA:153,0
DA:155,0
DA:156,0
DA:159,0
DA:160,0
DA:162,0
DA:164,0
DA:165,0
DA:167,0
DA:169,0
DA:170,0
DA:171,0
DA:172,0
DA:173,0
DA:174,0
DA:178,0
DA:180,0
DA:181,0
DA:182,0
DA:183,0
DA:184,0
DA:189,0
DA:191,0
DA:192,0
DA:194,0
DA:196,0
DA:197,0
DA:198,0
DA:199,0
DA:200,0
DA:201,0
DA:205,0
DA:207,0
DA:208,0
DA:209,0
DA:210,0
DA:211,0
DA:220,0
DA:231,0
DA:243,0
DA:246,0
DA:247,0
DA:248,0
DA:250,0
DA:251,0
DA:252,0
DA:253,0
DA:261,0
DA:271,0
DA:274,0
DA:275,0
DA:278,0
DA:279,0
DA:280,0
DA:285,0
DA:286,0
DA:287,0
DA:290,0
LF:102
LH:0
BRDA:17,0,0,0
BRDA:19,1,0,0
BRDA:19,1,1,0
BRDA:47,2,0,0
BRDA:49,3,0,0
BRDA:56,4,0,0
BRDA:59,5,0,0
BRDA:65,6,0,0
BRDA:65,7,0,0
BRDA:65,7,1,0
BRDA:79,8,0,0
BRDA:79,8,1,0
BRDA:83,9,0,0
BRDA:90,10,0,0
BRDA:90,11,0,0
BRDA:90,11,1,0
BRDA:92,12,0,0
BRDA:108,13,0,0
BRDA:112,14,0,0
BRDA:112,15,0,0
BRDA:112,15,1,0
BRDA:115,16,0,0
BRDA:131,17,0,0
BRDA:131,18,0,0
BRDA:131,18,1,0
BRDA:135,19,0,0
BRDA:135,20,0,0
BRDA:135,20,1,0
BRDA:153,21,0,0
BRDA:153,21,1,0
BRDA:159,22,0,0
BRDA:162,23,0,0
BRDA:162,23,1,0
BRDA:162,24,0,0
BRDA:162,24,1,0
BRDA:164,25,0,0
BRDA:167,26,0,0
BRDA:167,26,1,0
BRDA:169,27,0,0
BRDA:169,27,1,0
BRDA:171,28,0,0
BRDA:173,29,0,0
BRDA:178,30,0,0
BRDA:183,31,0,0
BRDA:189,32,0,0
BRDA:189,33,0,0
BRDA:189,33,1,0
BRDA:191,34,0,0
BRDA:194,35,0,0
BRDA:194,35,1,0
BRDA:196,36,0,0
BRDA:196,36,1,0
BRDA:198,37,0,0
BRDA:200,38,0,0
BRDA:205,39,0,0
BRDA:210,40,0,0
BRDA:248,41,0,0
BRDA:252,42,0,0
BRDA:274,43,0,0
BRDA:274,44,0,0
BRDA:274,44,1,0
BRDA:278,45,0,0
BRDA:278,46,0,0
BRDA:278,46,1,0
BRDA:285,47,0,0
BRDA:285,47,1,0
BRF:66
BRH:0
end_of_record
TN:
SF:src\perplexity-transformer.ts
FN:16,transformPerplexity
FN:43,parsePerplexityFormat
FN:62,(anonymous_2)
FN:63,(anonymous_3)
FN:97,extractPerplexityMetadata
FN:114,convertToInternalFormat
FN:154,(anonymous_6)
FN:260,generateHtml
FN:264,processNode
FNF:9
FNH:8
FNDA:3,transformPerplexity
FNDA:3,parsePerplexityFormat
FNDA:3,(anonymous_2)
FNDA:3,(anonymous_3)
FNDA:3,extractPerplexityMetadata
FNDA:3,convertToInternalFormat
FNDA:0,(anonymous_6)
FNDA:3,generateHtml
FNDA:33,processNode
DA:16,1
DA:18,3
DA:21,3
DA:24,3
DA:27,3
DA:29,3
DA:44,3
DA:46,3
DA:47,3
DA:54,2
DA:55,2
DA:58,2
DA:59,2
DA:60,2
DA:62,3
DA:63,3
DA:66,2
DA:67,2
DA:68,1
DA:70,2
DA:71,1
DA:73,2
DA:75,2
DA:81,0
DA:83,0
DA:98,3
DA:116,3
DA:122,3
DA:123,2
DA:134,3
DA:135,3
DA:136,4
DA:139,4
DA:140,4
DA:141,0
DA:149,0
DA:153,4
DA:154,0
DA:155,0
DA:161,0
DA:162,0
DA:163,0
DA:164,0
DA:177,0
DA:178,0
DA:182,4
DA:183,4
DA:194,3
DA:195,2
DA:204,2
DA:210,2
DA:212,3
DA:213,3
DA:214,3
DA:215,3
DA:217,3
DA:232,0
DA:233,0
DA:246,2
DA:247,2
DA:251,3
DA:262,3
DA:265,33
DA:267,3
DA:270,4
DA:271,4
DA:274,7
DA:277,11
DA:280,2
DA:281,2
DA:284,3
DA:287,3
DA:290,0
DA:294,3
DA:295,3
LF:75
LH:60
BRDA:55,0,0,1
BRDA:55,0,1,1
BRDA:59,1,0,1
BRDA:59,1,1,1
BRDA:67,2,0,1
BRDA:70,3,0,1
BRDA:99,4,0,3
BRDA:99,4,1,1
BRDA:104,5,0,3
BRDA:104,5,1,0
BRDA:122,6,0,2
BRDA:122,7,0,3
BRDA:122,7,1,2
BRDA:136,8,0,0
BRDA:140,9,0,0
BRDA:140,10,0,4
BRDA:140,10,1,0
BRDA:153,11,0,0
BRDA:153,12,0,4
BRDA:153,12,1,0
BRDA:163,13,0,0
BRDA:163,14,0,0
BRDA:163,14,1,0
BRDA:182,15,0,4
BRDA:194,16,0,2
BRDA:194,17,0,3
BRDA:194,17,1,3
BRDA:194,17,2,2
BRDA:213,18,0,3
BRDA:213,18,1,0
BRDA:213,19,0,3
BRDA:213,19,1,3
BRDA:215,20,0,3
BRDA:215,20,1,3
BRDA:232,21,0,0
BRDA:246,22,0,2
BRDA:265,23,0,3
BRDA:265,23,1,4
BRDA:265,23,2,7
BRDA:265,23,3,11
BRDA:265,23,4,2
BRDA:265,23,5,3
BRDA:265,23,6,3
BRDA:265,23,7,0
BRDA:267,24,0,3
BRDA:267,24,1,0
BRDA:270,25,0,4
BRDA:270,25,1,0
BRDA:271,26,0,4
BRDA:271,26,1,0
BRDA:274,27,0,7
BRDA:274,27,1,0
BRDA:277,28,0,11
BRDA:277,28,1,0
BRDA:280,29,0,0
BRDA:280,29,1,2
BRDA:281,30,0,2
BRDA:281,30,1,0
BRDA:284,31,0,3
BRDA:284,31,1,0
BRDA:287,32,0,3
BRDA:287,32,1,0
BRDA:287,33,0,3
BRDA:287,33,1,0
BRDA:290,34,0,0
BRDA:290,34,1,0
BRF:66
BRH:42
end_of_record
